Traceback (most recent call last):
  File "/home/junyeong/workspace/dualprompt/main.py", line 81, in <module>
    main(**l2p_argvs)
  File "/home/junyeong/workspace/dualprompt/main.py", line 38, in main
    train = trainer_til( model = L2P,
  File "/home/junyeong/workspace/dualprompt/utils/trainer_continual.py", line 58, in __init__
    super().__init__(model,
  File "/home/junyeong/workspace/dualprompt/utils/trainer.py", line 52, in __init__
    self.model        = nn.parallel.data_parallel(model(device = self.device, **kwargs).to(self.device), input, range(torch.cuda.device_count()))
  File "/home/junyeong/anaconda3/envs/dualprompt/lib/python3.10/site-packages/torch/nn/parallel/data_parallel.py", line 228, in data_parallel
    return module(*inputs[0], **module_kwargs[0])
  File "/home/junyeong/anaconda3/envs/dualprompt/lib/python3.10/site-packages/torch/nn/modules/module.py", line 1130, in _call_impl
    return forward_call(*input, **kwargs)
  File "/home/junyeong/workspace/dualprompt/models/L2P.py", line 44, in forward
    x = self.backbone.patch_embed(inputs)
  File "/home/junyeong/anaconda3/envs/dualprompt/lib/python3.10/site-packages/torch/nn/modules/module.py", line 1130, in _call_impl
    return forward_call(*input, **kwargs)
  File "/home/junyeong/anaconda3/envs/dualprompt/lib/python3.10/site-packages/timm/models/layers/patch_embed.py", line 32, in forward
    B, C, H, W = x.shape
AttributeError: 'builtin_function_or_method' object has no attribute 'shape'
