Files already downloaded and verified
Files already downloaded and verified

Class per task :  [tensor([60, 81, 71, 59, 14,  2, 68, 82, 13, 15]), tensor([95, 97, 33, 69, 18, 21, 86, 54, 67, 74]), tensor([88,  4, 84, 49, 32, 47, 27, 98, 43, 12]), tensor([16, 44, 31,  3, 83, 56, 46, 99, 55, 42]), tensor([73, 62,  8, 57, 91, 61, 52, 65, 64, 22]), tensor([24, 58, 10, 19, 50, 28, 66, 41, 77,  5]), tensor([85, 93, 29, 38, 25, 45, 87,  6, 90, 40]), tensor([23, 37, 80, 17, 11, 63, 75, 72, 30, 26]), tensor([ 9, 51,  1, 94, 34, 92,  0, 20, 53, 89]), tensor([36, 70,  7, 35, 39, 79, 96, 48, 78, 76])]

Train for :  0
Train  Epoch: 1 [1664/5000 (1%)]	loss: 1.783813	accuracy: 35.516827	simmilarity: 0.000000
Train  Epoch: 1 [3328/5000 (2%)]	loss: 4.314906	accuracy: 49.969955	simmilarity: 0.000000
Train  Epoch: 1 [4992/5000 (3%)]	loss: 4.194752	accuracy: 54.647438	simmilarity: 0.000000
Train  Epoch: 1 [5000/5000 (3%)]	loss: 4.177910	accuracy: 54.856689	simmilarity: 0.000000

Train  Epoch: 2 [1664/5000 (1%)]	loss: 1.636065	accuracy: 81.850967	simmilarity: 0.000000
Train  Epoch: 2 [3328/5000 (2%)]	loss: 1.825691	accuracy: 81.430290	simmilarity: 0.000000
Train  Epoch: 2 [4992/5000 (3%)]	loss: 1.589038	accuracy: 83.473557	simmilarity: 0.000000
Train  Epoch: 2 [5000/5000 (3%)]	loss: 1.599102	accuracy: 83.499207	simmilarity: 0.000000

Train  Epoch: 3 [1664/5000 (1%)]	loss: 1.057993	accuracy: 89.783661	simmilarity: 0.000000
Train  Epoch: 3 [3328/5000 (2%)]	loss: 1.098050	accuracy: 90.084137	simmilarity: 0.000000
Train  Epoch: 3 [4992/5000 (3%)]	loss: 1.003005	accuracy: 91.105774	simmilarity: 0.000000
Train  Epoch: 3 [5000/5000 (3%)]	loss: 0.996616	accuracy: 91.162422	simmilarity: 0.000000

Train  Epoch: 4 [1664/5000 (1%)]	loss: 0.653570	accuracy: 92.307693	simmilarity: 0.000000
Train  Epoch: 4 [3328/5000 (2%)]	loss: 0.725636	accuracy: 91.376205	simmilarity: 0.000000
Train  Epoch: 4 [4992/5000 (3%)]	loss: 0.638875	accuracy: 92.487984	simmilarity: 0.000000
Train  Epoch: 4 [5000/5000 (3%)]	loss: 0.640060	accuracy: 92.456215	simmilarity: 0.000000

Train  Epoch: 5 [1664/5000 (1%)]	loss: 0.461628	accuracy: 94.591347	simmilarity: 0.000000
Train  Epoch: 5 [3328/5000 (2%)]	loss: 0.497898	accuracy: 94.681496	simmilarity: 0.000000
Train  Epoch: 5 [4992/5000 (3%)]	loss: 0.436911	accuracy: 95.132210	simmilarity: 0.000000
Train  Epoch: 5 [5000/5000 (3%)]	loss: 0.434148	accuracy: 95.163216	simmilarity: 0.000000

Task :  0
Test  Epoch: 5 [1024/5000 (1%)]	loss: 3.681915	accuracy: 94.042969	simmilarity: 0.000000

Train for :  1
Train  Epoch: 1 [1664/5000 (1%)]	loss: 1.545279	accuracy: 41.406250	simmilarity: 0.000000
Train  Epoch: 1 [3328/5000 (2%)]	loss: 1.016163	accuracy: 65.084137	simmilarity: 0.000000
Train  Epoch: 1 [4992/5000 (3%)]	loss: 0.836222	accuracy: 74.038460	simmilarity: 0.000000
Train  Epoch: 1 [5000/5000 (3%)]	loss: 0.831266	accuracy: 74.203819	simmilarity: 0.000000

Train  Epoch: 2 [1664/5000 (1%)]	loss: 0.380828	accuracy: 94.350967	simmilarity: 0.000000
Train  Epoch: 2 [3328/5000 (2%)]	loss: 0.298194	accuracy: 95.733177	simmilarity: 0.000000
Train  Epoch: 2 [4992/5000 (3%)]	loss: 0.298054	accuracy: 96.093750	simmilarity: 0.000000
Train  Epoch: 2 [5000/5000 (3%)]	loss: 0.296156	accuracy: 96.118629	simmilarity: 0.000000

Train  Epoch: 3 [1664/5000 (1%)]	loss: 0.312853	accuracy: 96.574524	simmilarity: 0.000000
Train  Epoch: 3 [3328/5000 (2%)]	loss: 0.246061	accuracy: 97.325722	simmilarity: 0.000000
Train  Epoch: 3 [4992/5000 (3%)]	loss: 0.228025	accuracy: 97.536057	simmilarity: 0.000000
Train  Epoch: 3 [5000/5000 (3%)]	loss: 0.226573	accuracy: 97.551750	simmilarity: 0.000000

Train  Epoch: 4 [1664/5000 (1%)]	loss: 0.143241	accuracy: 98.076927	simmilarity: 0.000000
Train  Epoch: 4 [3328/5000 (2%)]	loss: 0.129616	accuracy: 98.197121	simmilarity: 0.000000
Train  Epoch: 4 [4992/5000 (3%)]	loss: 0.134302	accuracy: 98.277245	simmilarity: 0.000000
Train  Epoch: 4 [5000/5000 (3%)]	loss: 0.133447	accuracy: 98.288216	simmilarity: 0.000000

Train  Epoch: 5 [1664/5000 (1%)]	loss: 0.095932	accuracy: 98.677887	simmilarity: 0.000000
Train  Epoch: 5 [3328/5000 (2%)]	loss: 0.103733	accuracy: 98.587746	simmilarity: 0.000000
Train  Epoch: 5 [4992/5000 (3%)]	loss: 0.092466	accuracy: 98.597755	simmilarity: 0.000000
Train  Epoch: 5 [5000/5000 (3%)]	loss: 0.091877	accuracy: 98.606689	simmilarity: 0.000000

Task :  0
Test  Epoch: 5 [1024/5000 (1%)]	loss: 3.803402	accuracy: 82.226562	simmilarity: 0.000000
Task :  1
Test  Epoch: 5 [1024/5000 (1%)]	loss: 3.671485	accuracy: 95.019531	simmilarity: 0.000000

Train for :  2
Train  Epoch: 1 [1664/5000 (1%)]	loss: 1.524887	accuracy: 42.187500	simmilarity: 0.000000
Train  Epoch: 1 [3328/5000 (2%)]	loss: 0.951371	accuracy: 66.917068	simmilarity: 0.000000
Train  Epoch: 1 [4992/5000 (3%)]	loss: 0.726615	accuracy: 76.422279	simmilarity: 0.000000
Train  Epoch: 1 [5000/5000 (3%)]	loss: 0.721992	accuracy: 76.572456	simmilarity: 0.000000

Train  Epoch: 2 [1664/5000 (1%)]	loss: 0.243244	accuracy: 95.973564	simmilarity: 0.000000
Train  Epoch: 2 [3328/5000 (2%)]	loss: 0.219538	accuracy: 96.514427	simmilarity: 0.000000
Train  Epoch: 2 [4992/5000 (3%)]	loss: 0.230116	accuracy: 96.734779	simmilarity: 0.000000
Train  Epoch: 2 [5000/5000 (3%)]	loss: 0.233595	accuracy: 96.675957	simmilarity: 0.000000

Train  Epoch: 3 [1664/5000 (1%)]	loss: 0.122784	accuracy: 98.137024	simmilarity: 0.000000
Train  Epoch: 3 [3328/5000 (2%)]	loss: 0.158273	accuracy: 97.866592	simmilarity: 0.000000
Train  Epoch: 3 [4992/5000 (3%)]	loss: 0.188612	accuracy: 97.776443	simmilarity: 0.000000
Train  Epoch: 3 [5000/5000 (3%)]	loss: 0.187642	accuracy: 97.790604	simmilarity: 0.000000

Train  Epoch: 4 [1664/5000 (1%)]	loss: 0.134059	accuracy: 98.317314	simmilarity: 0.000000
Train  Epoch: 4 [3328/5000 (2%)]	loss: 0.113616	accuracy: 98.527649	simmilarity: 0.000000
Train  Epoch: 4 [4992/5000 (3%)]	loss: 0.114748	accuracy: 98.557693	simmilarity: 0.000000
Train  Epoch: 4 [5000/5000 (3%)]	loss: 0.114017	accuracy: 98.566879	simmilarity: 0.000000

Train  Epoch: 5 [1664/5000 (1%)]	loss: 0.077258	accuracy: 99.038467	simmilarity: 0.000000
Train  Epoch: 5 [3328/5000 (2%)]	loss: 0.085273	accuracy: 99.038467	simmilarity: 0.000000
Train  Epoch: 5 [4992/5000 (3%)]	loss: 0.081845	accuracy: 99.038460	simmilarity: 0.000000
Train  Epoch: 5 [5000/5000 (3%)]	loss: 0.081324	accuracy: 99.044586	simmilarity: 0.000000

Task :  0
Test  Epoch: 5 [1024/5000 (1%)]	loss: 3.898322	accuracy: 72.460938	simmilarity: 0.000000
Task :  1
Test  Epoch: 5 [1024/5000 (1%)]	loss: 3.738326	accuracy: 88.476562	simmilarity: 0.000000
Task :  2
Test  Epoch: 5 [1024/5000 (1%)]	loss: 3.688771	accuracy: 93.359375	simmilarity: 0.000000

Train for :  3
Train  Epoch: 1 [1664/5000 (1%)]	loss: 1.490636	accuracy: 42.067310	simmilarity: 0.000000
Train  Epoch: 1 [3328/5000 (2%)]	loss: 0.919587	accuracy: 68.028847	simmilarity: 0.000000
Train  Epoch: 1 [4992/5000 (3%)]	loss: 0.712782	accuracy: 77.243591	simmilarity: 0.000000
Train  Epoch: 1 [5000/5000 (3%)]	loss: 0.708242	accuracy: 77.388535	simmilarity: 0.000000

Train  Epoch: 2 [1664/5000 (1%)]	loss: 0.311697	accuracy: 95.793274	simmilarity: 0.000000
Train  Epoch: 2 [3328/5000 (2%)]	loss: 0.346780	accuracy: 96.183899	simmilarity: 0.000000
Train  Epoch: 2 [4992/5000 (3%)]	loss: 0.341803	accuracy: 96.474358	simmilarity: 0.000000
Train  Epoch: 2 [5000/5000 (3%)]	loss: 0.339626	accuracy: 96.496819	simmilarity: 0.000000

Train  Epoch: 3 [1664/5000 (1%)]	loss: 0.358039	accuracy: 97.355774	simmilarity: 0.000000
Train  Epoch: 3 [3328/5000 (2%)]	loss: 0.307939	accuracy: 97.506012	simmilarity: 0.000000
Train  Epoch: 3 [4992/5000 (3%)]	loss: 0.305119	accuracy: 97.475960	simmilarity: 0.000000
Train  Epoch: 3 [5000/5000 (3%)]	loss: 0.303176	accuracy: 97.492043	simmilarity: 0.000000

Train  Epoch: 4 [1664/5000 (1%)]	loss: 0.216591	accuracy: 98.137024	simmilarity: 0.000000
Train  Epoch: 4 [3328/5000 (2%)]	loss: 0.187078	accuracy: 98.197121	simmilarity: 0.000000
Train  Epoch: 4 [4992/5000 (3%)]	loss: 0.185934	accuracy: 98.056892	simmilarity: 0.000000
Train  Epoch: 4 [5000/5000 (3%)]	loss: 0.184751	accuracy: 98.069267	simmilarity: 0.000000

Train  Epoch: 5 [1664/5000 (1%)]	loss: 0.121376	accuracy: 98.557693	simmilarity: 0.000000
Train  Epoch: 5 [3328/5000 (2%)]	loss: 0.088771	accuracy: 98.918274	simmilarity: 0.000000
Train  Epoch: 5 [4992/5000 (3%)]	loss: 0.095426	accuracy: 98.798080	simmilarity: 0.000000
Train  Epoch: 5 [5000/5000 (3%)]	loss: 0.094818	accuracy: 98.805733	simmilarity: 0.000000

Task :  0
Test  Epoch: 5 [1024/5000 (1%)]	loss: 3.945304	accuracy: 67.578125	simmilarity: 0.000000
Task :  1
Test  Epoch: 5 [1024/5000 (1%)]	loss: 3.775812	accuracy: 84.667969	simmilarity: 0.000000
Task :  2
Test  Epoch: 5 [1024/5000 (1%)]	loss: 3.804200	accuracy: 82.128906	simmilarity: 0.000000
Task :  3
Test  Epoch: 5 [1024/5000 (1%)]	loss: 3.696999	accuracy: 92.578125	simmilarity: 0.000000

Train for :  4
Train  Epoch: 1 [1664/5000 (1%)]	loss: 1.466488	accuracy: 42.908657	simmilarity: 0.000000
Train  Epoch: 1 [3328/5000 (2%)]	loss: 0.838340	accuracy: 69.561302	simmilarity: 0.000000
Train  Epoch: 1 [4992/5000 (3%)]	loss: 0.624567	accuracy: 78.345352	simmilarity: 0.000000
Train  Epoch: 1 [5000/5000 (3%)]	loss: 0.620589	accuracy: 78.483284	simmilarity: 0.000000

Train  Epoch: 2 [1664/5000 (1%)]	loss: 0.159478	accuracy: 97.896637	simmilarity: 0.000000
Train  Epoch: 2 [3328/5000 (2%)]	loss: 0.199419	accuracy: 97.566109	simmilarity: 0.000000
Train  Epoch: 2 [4992/5000 (3%)]	loss: 0.193665	accuracy: 97.776443	simmilarity: 0.000000
Train  Epoch: 2 [5000/5000 (3%)]	loss: 0.196985	accuracy: 97.710991	simmilarity: 0.000000

Train  Epoch: 3 [1664/5000 (1%)]	loss: 0.128912	accuracy: 98.377411	simmilarity: 0.000000
Train  Epoch: 3 [3328/5000 (2%)]	loss: 0.168341	accuracy: 97.956734	simmilarity: 0.000000
Train  Epoch: 3 [4992/5000 (3%)]	loss: 0.173927	accuracy: 98.076927	simmilarity: 0.000000
Train  Epoch: 3 [5000/5000 (3%)]	loss: 0.172819	accuracy: 98.089172	simmilarity: 0.000000

Train  Epoch: 4 [1664/5000 (1%)]	loss: 0.252387	accuracy: 97.716347	simmilarity: 0.000000
Train  Epoch: 4 [3328/5000 (2%)]	loss: 0.224721	accuracy: 97.986786	simmilarity: 0.000000
Train  Epoch: 4 [4992/5000 (3%)]	loss: 0.207330	accuracy: 98.157051	simmilarity: 0.000000
Train  Epoch: 4 [5000/5000 (3%)]	loss: 0.206013	accuracy: 98.168793	simmilarity: 0.000000

Train  Epoch: 5 [1664/5000 (1%)]	loss: 0.147583	accuracy: 98.257217	simmilarity: 0.000000
Train  Epoch: 5 [3328/5000 (2%)]	loss: 0.134863	accuracy: 98.587746	simmilarity: 0.000000
Train  Epoch: 5 [4992/5000 (3%)]	loss: 0.119659	accuracy: 98.677887	simmilarity: 0.000000
Train  Epoch: 5 [5000/5000 (3%)]	loss: 0.118896	accuracy: 98.686310	simmilarity: 0.000000

Task :  0
Test  Epoch: 5 [1024/5000 (1%)]	loss: 4.013309	accuracy: 60.937500	simmilarity: 0.000000
Task :  1
Test  Epoch: 5 [1024/5000 (1%)]	loss: 3.888604	accuracy: 73.632812	simmilarity: 0.000000
Task :  2
Test  Epoch: 5 [1024/5000 (1%)]	loss: 3.930812	accuracy: 69.042969	simmilarity: 0.000000
Task :  3
Test  Epoch: 5 [1024/5000 (1%)]	loss: 3.727480	accuracy: 89.160156	simmilarity: 0.000000
Task :  4
Test  Epoch: 5 [1024/5000 (1%)]	loss: 3.663697	accuracy: 95.800781	simmilarity: 0.000000

Train for :  5
Train  Epoch: 1 [1664/5000 (1%)]	loss: 1.608071	accuracy: 39.603367	simmilarity: 0.000000
Train  Epoch: 1 [3328/5000 (2%)]	loss: 1.225526	accuracy: 64.873802	simmilarity: 0.000000
Train  Epoch: 1 [4992/5000 (3%)]	loss: 0.943281	accuracy: 75.220352	simmilarity: 0.000000
Train  Epoch: 1 [5000/5000 (3%)]	loss: 0.947165	accuracy: 75.298569	simmilarity: 0.000000

Train  Epoch: 2 [1664/5000 (1%)]	loss: 0.421748	accuracy: 95.973564	simmilarity: 0.000000
Train  Epoch: 2 [3328/5000 (2%)]	loss: 0.452918	accuracy: 96.334137	simmilarity: 0.000000
Train  Epoch: 2 [4992/5000 (3%)]	loss: 0.401956	accuracy: 96.734779	simmilarity: 0.000000
Train  Epoch: 2 [5000/5000 (3%)]	loss: 0.399397	accuracy: 96.755577	simmilarity: 0.000000

Train  Epoch: 3 [1664/5000 (1%)]	loss: 0.419268	accuracy: 97.896637	simmilarity: 0.000000
Train  Epoch: 3 [3328/5000 (2%)]	loss: 0.392424	accuracy: 98.046875	simmilarity: 0.000000
Train  Epoch: 3 [4992/5000 (3%)]	loss: 0.363741	accuracy: 97.996796	simmilarity: 0.000000
Train  Epoch: 3 [5000/5000 (3%)]	loss: 0.361424	accuracy: 98.009552	simmilarity: 0.000000

Train  Epoch: 4 [1664/5000 (1%)]	loss: 0.256027	accuracy: 98.317314	simmilarity: 0.000000
Train  Epoch: 4 [3328/5000 (2%)]	loss: 0.223266	accuracy: 98.467552	simmilarity: 0.000000
Train  Epoch: 4 [4992/5000 (3%)]	loss: 0.241665	accuracy: 98.557693	simmilarity: 0.000000
Train  Epoch: 4 [5000/5000 (3%)]	loss: 0.242771	accuracy: 98.487259	simmilarity: 0.000000

Train  Epoch: 5 [1664/5000 (1%)]	loss: 0.149316	accuracy: 98.978371	simmilarity: 0.000000
Train  Epoch: 5 [3328/5000 (2%)]	loss: 0.122773	accuracy: 99.068512	simmilarity: 0.000000
Train  Epoch: 5 [4992/5000 (3%)]	loss: 0.139034	accuracy: 99.018433	simmilarity: 0.000000
Train  Epoch: 5 [5000/5000 (3%)]	loss: 0.138148	accuracy: 99.024681	simmilarity: 0.000000

Task :  0
Test  Epoch: 5 [1024/5000 (1%)]	loss: 4.234184	accuracy: 38.867188	simmilarity: 0.000000
Task :  1
Test  Epoch: 5 [1024/5000 (1%)]	loss: 4.102937	accuracy: 52.246094	simmilarity: 0.000000
Task :  2
Test  Epoch: 5 [1024/5000 (1%)]	loss: 4.077622	accuracy: 54.589844	simmilarity: 0.000000
Task :  3
Test  Epoch: 5 [1024/5000 (1%)]	loss: 3.890771	accuracy: 73.046875	simmilarity: 0.000000
Task :  4
Test  Epoch: 5 [1024/5000 (1%)]	loss: 3.758352	accuracy: 86.230469	simmilarity: 0.000000
Task :  5
Test  Epoch: 5 [1024/5000 (1%)]	loss: 3.767935	accuracy: 85.253906	simmilarity: 0.000000

Train for :  6
Train  Epoch: 1 [1664/5000 (1%)]	loss: 1.910369	accuracy: 37.560097	simmilarity: 0.000000
Train  Epoch: 1 [3328/5000 (2%)]	loss: 1.532369	accuracy: 60.667068	simmilarity: 0.000000
Train  Epoch: 1 [4992/5000 (3%)]	loss: 1.233159	accuracy: 71.213943	simmilarity: 0.000000
Train  Epoch: 1 [5000/5000 (3%)]	loss: 1.225305	accuracy: 71.397293	simmilarity: 0.000000

Train  Epoch: 2 [1664/5000 (1%)]	loss: 0.309041	accuracy: 96.694717	simmilarity: 0.000000
Train  Epoch: 2 [3328/5000 (2%)]	loss: 0.401544	accuracy: 95.853371	simmilarity: 0.000000
Train  Epoch: 2 [4992/5000 (3%)]	loss: 0.399049	accuracy: 96.133812	simmilarity: 0.000000
Train  Epoch: 2 [5000/5000 (3%)]	loss: 0.396507	accuracy: 96.158440	simmilarity: 0.000000

Train  Epoch: 3 [1664/5000 (1%)]	loss: 0.201887	accuracy: 98.197121	simmilarity: 0.000000
Train  Epoch: 3 [3328/5000 (2%)]	loss: 0.236714	accuracy: 98.016830	simmilarity: 0.000000
Train  Epoch: 3 [4992/5000 (3%)]	loss: 0.251165	accuracy: 98.016830	simmilarity: 0.000000
Train  Epoch: 3 [5000/5000 (3%)]	loss: 0.249565	accuracy: 98.029457	simmilarity: 0.000000

Train  Epoch: 4 [1664/5000 (1%)]	loss: 0.166990	accuracy: 98.617790	simmilarity: 0.000000
Train  Epoch: 4 [3328/5000 (2%)]	loss: 0.127848	accuracy: 98.858177	simmilarity: 0.000000
Train  Epoch: 4 [4992/5000 (3%)]	loss: 0.148792	accuracy: 98.697922	simmilarity: 0.000000
Train  Epoch: 4 [5000/5000 (3%)]	loss: 0.147844	accuracy: 98.706215	simmilarity: 0.000000

Train  Epoch: 5 [1664/5000 (1%)]	loss: 0.075767	accuracy: 99.218750	simmilarity: 0.000000
Train  Epoch: 5 [3328/5000 (2%)]	loss: 0.068003	accuracy: 99.278847	simmilarity: 0.000000
Train  Epoch: 5 [4992/5000 (3%)]	loss: 0.076007	accuracy: 99.218750	simmilarity: 0.000000
Train  Epoch: 5 [5000/5000 (3%)]	loss: 0.075522	accuracy: 99.223724	simmilarity: 0.000000

Task :  0
Test  Epoch: 5 [1024/5000 (1%)]	loss: 4.236708	accuracy: 39.160156	simmilarity: 0.000000
Task :  1
Test  Epoch: 5 [1024/5000 (1%)]	loss: 4.008517	accuracy: 61.425781	simmilarity: 0.000000
Task :  2
Test  Epoch: 5 [1024/5000 (1%)]	loss: 3.982119	accuracy: 64.160156	simmilarity: 0.000000
Task :  3
Test  Epoch: 5 [1024/5000 (1%)]	loss: 3.815833	accuracy: 80.371094	simmilarity: 0.000000
Task :  4
Test  Epoch: 5 [1024/5000 (1%)]	loss: 3.730740	accuracy: 89.355469	simmilarity: 0.000000
Task :  5
Test  Epoch: 5 [1024/5000 (1%)]	loss: 3.755669	accuracy: 86.621094	simmilarity: 0.000000
Task :  6
Test  Epoch: 5 [1024/5000 (1%)]	loss: 3.730771	accuracy: 88.964844	simmilarity: 0.000000

Train for :  7
Train  Epoch: 1 [1664/5000 (1%)]	loss: 1.519921	accuracy: 41.225964	simmilarity: 0.000000
Train  Epoch: 1 [3328/5000 (2%)]	loss: 1.195094	accuracy: 64.633415	simmilarity: 0.000000
Train  Epoch: 1 [4992/5000 (3%)]	loss: 0.988434	accuracy: 74.158653	simmilarity: 0.000000
Train  Epoch: 1 [5000/5000 (3%)]	loss: 0.986196	accuracy: 74.243629	simmilarity: 0.000000

Train  Epoch: 2 [1664/5000 (1%)]	loss: 0.396470	accuracy: 95.252411	simmilarity: 0.000000
Train  Epoch: 2 [3328/5000 (2%)]	loss: 0.315625	accuracy: 96.424286	simmilarity: 0.000000
Train  Epoch: 2 [4992/5000 (3%)]	loss: 0.382383	accuracy: 95.993591	simmilarity: 0.000000
Train  Epoch: 2 [5000/5000 (3%)]	loss: 0.379948	accuracy: 96.019112	simmilarity: 0.000000

Train  Epoch: 3 [1664/5000 (1%)]	loss: 0.282160	accuracy: 97.415871	simmilarity: 0.000000
Train  Epoch: 3 [3328/5000 (2%)]	loss: 0.285903	accuracy: 97.626205	simmilarity: 0.000000
Train  Epoch: 3 [4992/5000 (3%)]	loss: 0.263624	accuracy: 97.796478	simmilarity: 0.000000
Train  Epoch: 3 [5000/5000 (3%)]	loss: 0.261945	accuracy: 97.810509	simmilarity: 0.000000

Train  Epoch: 4 [1664/5000 (1%)]	loss: 0.249802	accuracy: 98.076927	simmilarity: 0.000000
Train  Epoch: 4 [3328/5000 (2%)]	loss: 0.215139	accuracy: 98.347359	simmilarity: 0.000000
Train  Epoch: 4 [4992/5000 (3%)]	loss: 0.198125	accuracy: 98.397438	simmilarity: 0.000000
Train  Epoch: 4 [5000/5000 (3%)]	loss: 0.196863	accuracy: 98.407646	simmilarity: 0.000000

Train  Epoch: 5 [1664/5000 (1%)]	loss: 0.143212	accuracy: 98.737984	simmilarity: 0.000000
Train  Epoch: 5 [3328/5000 (2%)]	loss: 0.120516	accuracy: 98.768036	simmilarity: 0.000000
Train  Epoch: 5 [4992/5000 (3%)]	loss: 0.109191	accuracy: 98.858177	simmilarity: 0.000000
Train  Epoch: 5 [5000/5000 (3%)]	loss: 0.108496	accuracy: 98.865448	simmilarity: 0.000000

Task :  0
Test  Epoch: 5 [1024/5000 (1%)]	loss: 4.349329	accuracy: 27.636719	simmilarity: 0.000000
Task :  1
Test  Epoch: 5 [1024/5000 (1%)]	loss: 4.052623	accuracy: 57.128906	simmilarity: 0.000000
Task :  2
Test  Epoch: 5 [1024/5000 (1%)]	loss: 4.036453	accuracy: 58.398438	simmilarity: 0.000000
Task :  3
Test  Epoch: 5 [1024/5000 (1%)]	loss: 3.881493	accuracy: 74.218750	simmilarity: 0.000000
Task :  4
Test  Epoch: 5 [1024/5000 (1%)]	loss: 3.751658	accuracy: 87.011719	simmilarity: 0.000000
Task :  5
Test  Epoch: 5 [1024/5000 (1%)]	loss: 3.762902	accuracy: 86.035156	simmilarity: 0.000000
Task :  6
Test  Epoch: 5 [1024/5000 (1%)]	loss: 3.733557	accuracy: 88.867188	simmilarity: 0.000000
Task :  7
Test  Epoch: 5 [1024/5000 (1%)]	loss: 3.718445	accuracy: 90.722656	simmilarity: 0.000000

Train for :  8
Train  Epoch: 1 [1664/5000 (1%)]	loss: 1.449527	accuracy: 43.209137	simmilarity: 0.000000
Train  Epoch: 1 [3328/5000 (2%)]	loss: 0.737354	accuracy: 71.364189	simmilarity: 0.000000
Train  Epoch: 1 [4992/5000 (3%)]	loss: 0.507454	accuracy: 80.709137	simmilarity: 0.000000
Train  Epoch: 1 [5000/5000 (3%)]	loss: 0.530027	accuracy: 80.672775	simmilarity: 0.000000

Train  Epoch: 2 [1664/5000 (1%)]	loss: 0.039482	accuracy: 99.519234	simmilarity: 0.000000
Train  Epoch: 2 [3328/5000 (2%)]	loss: 0.044456	accuracy: 99.399040	simmilarity: 0.000000
Train  Epoch: 2 [4992/5000 (3%)]	loss: 0.038548	accuracy: 99.439102	simmilarity: 0.000000
Train  Epoch: 2 [5000/5000 (3%)]	loss: 0.038302	accuracy: 99.442680	simmilarity: 0.000000

Train  Epoch: 3 [1664/5000 (1%)]	loss: 0.023893	accuracy: 99.579330	simmilarity: 0.000000
Train  Epoch: 3 [3328/5000 (2%)]	loss: 0.019833	accuracy: 99.759621	simmilarity: 0.000000
Train  Epoch: 3 [4992/5000 (3%)]	loss: 0.018052	accuracy: 99.779648	simmilarity: 0.000000
Train  Epoch: 3 [5000/5000 (3%)]	loss: 0.017937	accuracy: 99.781052	simmilarity: 0.000000

Train  Epoch: 4 [1664/5000 (1%)]	loss: 0.003864	accuracy: 99.939911	simmilarity: 0.000000
Train  Epoch: 4 [3328/5000 (2%)]	loss: 0.002393	accuracy: 99.939911	simmilarity: 0.000000
Train  Epoch: 4 [4992/5000 (3%)]	loss: 0.006688	accuracy: 99.939903	simmilarity: 0.000000
Train  Epoch: 4 [5000/5000 (3%)]	loss: 0.006646	accuracy: 99.940285	simmilarity: 0.000000

Train  Epoch: 5 [1664/5000 (1%)]	loss: 0.000440	accuracy: 100.000000	simmilarity: 0.000000
Train  Epoch: 5 [3328/5000 (2%)]	loss: 0.004458	accuracy: 99.969955	simmilarity: 0.000000
Train  Epoch: 5 [4992/5000 (3%)]	loss: 0.008531	accuracy: 99.899841	simmilarity: 0.000000
Train  Epoch: 5 [5000/5000 (3%)]	loss: 0.008477	accuracy: 99.900482	simmilarity: 0.000000

Task :  0
Test  Epoch: 5 [1024/5000 (1%)]	loss: 4.434147	accuracy: 18.652344	simmilarity: 0.000000
Task :  1
Test  Epoch: 5 [1024/5000 (1%)]	loss: 4.199023	accuracy: 42.382812	simmilarity: 0.000000
Task :  2
Test  Epoch: 5 [1024/5000 (1%)]	loss: 4.132801	accuracy: 48.828125	simmilarity: 0.000000
Task :  3
Test  Epoch: 5 [1024/5000 (1%)]	loss: 3.916792	accuracy: 70.703125	simmilarity: 0.000000
Task :  4
Test  Epoch: 5 [1024/5000 (1%)]	loss: 3.802948	accuracy: 81.738281	simmilarity: 0.000000
Task :  5
Test  Epoch: 5 [1024/5000 (1%)]	loss: 3.794076	accuracy: 82.812500	simmilarity: 0.000000
Task :  6
Test  Epoch: 5 [1024/5000 (1%)]	loss: 3.766069	accuracy: 85.546875	simmilarity: 0.000000
Task :  7
Test  Epoch: 5 [1024/5000 (1%)]	loss: 3.744718	accuracy: 87.792969	simmilarity: 0.000000
Task :  8
Test  Epoch: 5 [1024/5000 (1%)]	loss: 3.644564	accuracy: 97.753906	simmilarity: 0.000000

Train for :  9
Train  Epoch: 1 [1664/5000 (1%)]	loss: 1.504108	accuracy: 41.947117	simmilarity: 0.000000
Train  Epoch: 1 [3328/5000 (2%)]	loss: 0.821340	accuracy: 69.320915	simmilarity: 0.000000
Train  Epoch: 1 [4992/5000 (3%)]	loss: 0.603375	accuracy: 78.705933	simmilarity: 0.000000
Train  Epoch: 1 [5000/5000 (3%)]	loss: 0.605025	accuracy: 78.761948	simmilarity: 0.000000

Train  Epoch: 2 [1664/5000 (1%)]	loss: 0.179774	accuracy: 98.377411	simmilarity: 0.000000
Train  Epoch: 2 [3328/5000 (2%)]	loss: 0.133643	accuracy: 98.677887	simmilarity: 0.000000
Train  Epoch: 2 [4992/5000 (3%)]	loss: 0.122097	accuracy: 98.818108	simmilarity: 0.000000
Train  Epoch: 2 [5000/5000 (3%)]	loss: 0.121319	accuracy: 98.825638	simmilarity: 0.000000

Train  Epoch: 3 [1664/5000 (1%)]	loss: 0.085977	accuracy: 99.338943	simmilarity: 0.000000
Train  Epoch: 3 [3328/5000 (2%)]	loss: 0.078195	accuracy: 99.248802	simmilarity: 0.000000
Train  Epoch: 3 [4992/5000 (3%)]	loss: 0.078143	accuracy: 99.278847	simmilarity: 0.000000
Train  Epoch: 3 [5000/5000 (3%)]	loss: 0.077645	accuracy: 99.283440	simmilarity: 0.000000

Train  Epoch: 4 [1664/5000 (1%)]	loss: 0.062675	accuracy: 99.278847	simmilarity: 0.000000
Train  Epoch: 4 [3328/5000 (2%)]	loss: 0.052685	accuracy: 99.368996	simmilarity: 0.000000
Train  Epoch: 4 [4992/5000 (3%)]	loss: 0.042448	accuracy: 99.499199	simmilarity: 0.000000
Train  Epoch: 4 [5000/5000 (3%)]	loss: 0.042177	accuracy: 99.502388	simmilarity: 0.000000

Train  Epoch: 5 [1664/5000 (1%)]	loss: 0.007896	accuracy: 99.879814	simmilarity: 0.000000
Train  Epoch: 5 [3328/5000 (2%)]	loss: 0.017112	accuracy: 99.729568	simmilarity: 0.000000
Train  Epoch: 5 [4992/5000 (3%)]	loss: 0.013503	accuracy: 99.759613	simmilarity: 0.000000
Train  Epoch: 5 [5000/5000 (3%)]	loss: 0.013417	accuracy: 99.761147	simmilarity: 0.000000

Task :  0
Test  Epoch: 5 [1024/5000 (1%)]	loss: 4.513970	accuracy: 10.644531	simmilarity: 0.000000
Task :  1
Test  Epoch: 5 [1024/5000 (1%)]	loss: 4.290949	accuracy: 33.203125	simmilarity: 0.000000
Task :  2
Test  Epoch: 5 [1024/5000 (1%)]	loss: 4.221330	accuracy: 40.332031	simmilarity: 0.000000
Task :  3
Test  Epoch: 5 [1024/5000 (1%)]	loss: 4.059738	accuracy: 56.445312	simmilarity: 0.000000
Task :  4
Test  Epoch: 5 [1024/5000 (1%)]	loss: 3.939058	accuracy: 68.457031	simmilarity: 0.000000
Task :  5
Test  Epoch: 5 [1024/5000 (1%)]	loss: 3.929254	accuracy: 69.042969	simmilarity: 0.000000
Task :  6
Test  Epoch: 5 [1024/5000 (1%)]	loss: 3.801690	accuracy: 82.031250	simmilarity: 0.000000
Task :  7
Test  Epoch: 5 [1024/5000 (1%)]	loss: 3.854717	accuracy: 77.050781	simmilarity: 0.000000
Task :  8
Test  Epoch: 5 [1024/5000 (1%)]	loss: 3.638841	accuracy: 98.339844	simmilarity: 0.000000
Task :  9
Test  Epoch: 5 [1024/5000 (1%)]	loss: 3.658169	accuracy: 96.386719	simmilarity: 0.000000

Done
Files already downloaded and verified
Files already downloaded and verified

Class per task :  [tensor([76, 26, 22, 93, 20, 79, 13, 91,  3, 44]), tensor([51, 54, 11, 81, 90, 61, 24,  4, 17, 86]), tensor([57, 33, 65, 71,  2, 62,  9, 37, 39, 12]), tensor([78, 42,  6, 27, 96, 83, 85, 49, 87, 45]), tensor([97, 41, 46, 92, 36, 55, 10, 48, 68, 84]), tensor([25, 95, 94, 60, 40, 72, 15, 69, 59,  1]), tensor([98, 64, 18, 43, 21,  8, 31, 73, 38, 34]), tensor([53, 58,  0,  7, 66, 23, 28, 52, 56, 63]), tensor([32, 82, 16,  5, 14, 30, 50, 75, 89, 80]), tensor([74, 70, 47, 99, 35, 77, 67, 29, 88, 19])]

Train for :  0
Train  Epoch: 1 [1664/5000 (33%)]	loss: 2.302585	accuracy: 10.276443	simmilarity: 0.000000
Train  Epoch: 1 [3328/5000 (66%)]	loss: 2.302584	accuracy: 9.945914	simmilarity: 0.000000
Train  Epoch: 1 [4992/5000 (99%)]	loss: 2.025588	accuracy: 22.295673	simmilarity: 0.000000
Train  Epoch: 1 [5000/5000 (100%)]	loss: 2.000339	accuracy: 23.279272	simmilarity: 0.000000

Train  Epoch: 2 [1664/5000 (33%)]	loss: 4.109990	accuracy: 66.887024	simmilarity: 0.000000
Train  Epoch: 2 [3328/5000 (66%)]	loss: 4.071184	accuracy: 67.908653	simmilarity: 0.000000
Train  Epoch: 2 [4992/5000 (99%)]	loss: 3.841599	accuracy: 69.691505	simmilarity: 0.000000
Train  Epoch: 2 [5000/5000 (100%)]	loss: 3.793019	accuracy: 70.075157	simmilarity: 0.000000

Train  Epoch: 3 [1664/5000 (33%)]	loss: 5.373180	accuracy: 72.475967	simmilarity: 0.000000
Train  Epoch: 3 [3328/5000 (66%)]	loss: 5.109684	accuracy: 72.896637	simmilarity: 0.000000
Train  Epoch: 3 [4992/5000 (99%)]	loss: 4.871093	accuracy: 74.439102	simmilarity: 0.000000
Train  Epoch: 3 [5000/5000 (100%)]	loss: 4.809436	accuracy: 74.762657	simmilarity: 0.000000

Train  Epoch: 4 [1664/5000 (33%)]	loss: 2.828576	accuracy: 80.408653	simmilarity: 0.000000
Train  Epoch: 4 [3328/5000 (66%)]	loss: 2.746904	accuracy: 81.490387	simmilarity: 0.000000
Train  Epoch: 4 [4992/5000 (99%)]	loss: 2.469232	accuracy: 83.153046	simmilarity: 0.000000
Train  Epoch: 4 [5000/5000 (100%)]	loss: 2.437979	accuracy: 83.366302	simmilarity: 0.000000

Train  Epoch: 5 [1664/5000 (33%)]	loss: 1.318439	accuracy: 87.740387	simmilarity: 0.000000
Train  Epoch: 5 [3328/5000 (66%)]	loss: 1.361305	accuracy: 87.890625	simmilarity: 0.000000
Train  Epoch: 5 [4992/5000 (99%)]	loss: 1.354703	accuracy: 88.040863	simmilarity: 0.000000
Train  Epoch: 5 [5000/5000 (100%)]	loss: 1.339159	accuracy: 88.034019	simmilarity: 0.000000

Task :  0
Test  Epoch: 5 [1024/5000 (20%)]	loss: 3.742483	accuracy: 88.007812	simmilarity: 0.000000

Train for :  1
Train  Epoch: 1 [1664/5000 (33%)]	loss: 2.302585	accuracy: 10.156250	simmilarity: 0.000000
Train  Epoch: 1 [3328/5000 (66%)]	loss: 2.302584	accuracy: 9.465144	simmilarity: 0.000000
Train  Epoch: 1 [4992/5000 (99%)]	loss: 1.939223	accuracy: 24.479168	simmilarity: 0.000000
Train  Epoch: 1 [5000/5000 (100%)]	loss: 1.916091	accuracy: 25.435127	simmilarity: 0.000000

Train  Epoch: 2 [1664/5000 (33%)]	loss: 0.481676	accuracy: 87.800484	simmilarity: 0.000000
Train  Epoch: 2 [3328/5000 (66%)]	loss: 0.439093	accuracy: 88.461540	simmilarity: 0.000000
Train  Epoch: 2 [4992/5000 (99%)]	loss: 0.530414	accuracy: 88.461540	simmilarity: 0.000000
Train  Epoch: 2 [5000/5000 (100%)]	loss: 0.523700	accuracy: 88.607597	simmilarity: 0.000000

Train  Epoch: 3 [1664/5000 (33%)]	loss: 2.350959	accuracy: 85.637024	simmilarity: 0.000000
Train  Epoch: 3 [3328/5000 (66%)]	loss: 2.118511	accuracy: 86.899040	simmilarity: 0.000000
Train  Epoch: 3 [4992/5000 (99%)]	loss: 1.881691	accuracy: 87.339745	simmilarity: 0.000000
Train  Epoch: 3 [5000/5000 (100%)]	loss: 1.865098	accuracy: 87.341774	simmilarity: 0.000000

Train  Epoch: 4 [1664/5000 (33%)]	loss: 0.378831	accuracy: 93.028847	simmilarity: 0.000000
Train  Epoch: 4 [3328/5000 (66%)]	loss: 0.390785	accuracy: 93.539665	simmilarity: 0.000000
Train  Epoch: 4 [4992/5000 (99%)]	loss: 0.385183	accuracy: 93.589745	simmilarity: 0.000000
Train  Epoch: 4 [5000/5000 (100%)]	loss: 0.415891	accuracy: 93.512657	simmilarity: 0.000000

Train  Epoch: 5 [1664/5000 (33%)]	loss: 0.882761	accuracy: 91.045677	simmilarity: 0.000000
Train  Epoch: 5 [3328/5000 (66%)]	loss: 0.825986	accuracy: 91.466347	simmilarity: 0.000000
Train  Epoch: 5 [4992/5000 (99%)]	loss: 0.794087	accuracy: 91.806892	simmilarity: 0.000000
Train  Epoch: 5 [5000/5000 (100%)]	loss: 0.784036	accuracy: 91.910606	simmilarity: 0.000000

Task :  0
Test  Epoch: 5 [1024/5000 (20%)]	loss: 3.882527	accuracy: 74.199219	simmilarity: 0.000000
Task :  1
Test  Epoch: 5 [1024/5000 (20%)]	loss: 3.954822	accuracy: 67.070312	simmilarity: 0.000000

Train for :  2
Train  Epoch: 1 [1664/5000 (33%)]	loss: 2.302585	accuracy: 10.276443	simmilarity: 0.000000
Train  Epoch: 1 [3328/5000 (66%)]	loss: 2.302584	accuracy: 10.216347	simmilarity: 0.000000
Train  Epoch: 1 [4992/5000 (99%)]	loss: 1.940127	accuracy: 24.599360	simmilarity: 0.000000
Train  Epoch: 1 [5000/5000 (100%)]	loss: 1.916563	accuracy: 25.553799	simmilarity: 0.000000

Train  Epoch: 2 [1664/5000 (33%)]	loss: 0.200236	accuracy: 94.170677	simmilarity: 0.000000
Train  Epoch: 2 [3328/5000 (66%)]	loss: 0.210305	accuracy: 93.990387	simmilarity: 0.000000
Train  Epoch: 2 [4992/5000 (99%)]	loss: 0.238580	accuracy: 93.709938	simmilarity: 0.000000
Train  Epoch: 2 [5000/5000 (100%)]	loss: 0.245899	accuracy: 93.631332	simmilarity: 0.000000

Train  Epoch: 3 [1664/5000 (33%)]	loss: 0.392733	accuracy: 92.668274	simmilarity: 0.000000
Train  Epoch: 3 [3328/5000 (66%)]	loss: 0.429926	accuracy: 92.337746	simmilarity: 0.000000
Train  Epoch: 3 [4992/5000 (99%)]	loss: 0.387896	accuracy: 92.848557	simmilarity: 0.000000
Train  Epoch: 3 [5000/5000 (100%)]	loss: 0.382986	accuracy: 92.939087	simmilarity: 0.000000

Train  Epoch: 4 [1664/5000 (33%)]	loss: 0.571891	accuracy: 92.668274	simmilarity: 0.000000
Train  Epoch: 4 [3328/5000 (66%)]	loss: 0.579513	accuracy: 91.917068	simmilarity: 0.000000
Train  Epoch: 4 [4992/5000 (99%)]	loss: 0.539984	accuracy: 92.548080	simmilarity: 0.000000
Train  Epoch: 4 [5000/5000 (100%)]	loss: 0.533149	accuracy: 92.642410	simmilarity: 0.000000

Train  Epoch: 5 [1664/5000 (33%)]	loss: 0.256146	accuracy: 95.853371	simmilarity: 0.000000
Train  Epoch: 5 [3328/5000 (66%)]	loss: 0.262994	accuracy: 95.853371	simmilarity: 0.000000
Train  Epoch: 5 [4992/5000 (99%)]	loss: 0.239323	accuracy: 96.153847	simmilarity: 0.000000
Train  Epoch: 5 [5000/5000 (100%)]	loss: 0.236294	accuracy: 96.202538	simmilarity: 0.000000

Task :  0
Test  Epoch: 5 [1024/5000 (20%)]	loss: 3.919830	accuracy: 70.234375	simmilarity: 0.000000
Task :  1
Test  Epoch: 5 [1024/5000 (20%)]	loss: 3.918211	accuracy: 70.214844	simmilarity: 0.000000
Task :  2
Test  Epoch: 5 [1024/5000 (20%)]	loss: 3.940842	accuracy: 67.890625	simmilarity: 0.000000

Train for :  3
Train  Epoch: 1 [1664/5000 (33%)]	loss: 2.302585	accuracy: 10.276443	simmilarity: 0.000000
Train  Epoch: 1 [3328/5000 (66%)]	loss: 2.302584	accuracy: 10.216347	simmilarity: 0.000000
Train  Epoch: 1 [4992/5000 (99%)]	loss: 1.927093	accuracy: 25.300482	simmilarity: 0.000000
Train  Epoch: 1 [5000/5000 (100%)]	loss: 1.902724	accuracy: 26.246044	simmilarity: 0.000000

Train  Epoch: 2 [1664/5000 (33%)]	loss: 0.142057	accuracy: 95.853371	simmilarity: 0.000000
Train  Epoch: 2 [3328/5000 (66%)]	loss: 0.148988	accuracy: 95.853371	simmilarity: 0.000000
Train  Epoch: 2 [4992/5000 (99%)]	loss: 0.154057	accuracy: 95.612984	simmilarity: 0.000000
Train  Epoch: 2 [5000/5000 (100%)]	loss: 0.152106	accuracy: 95.668518	simmilarity: 0.000000

Train  Epoch: 3 [1664/5000 (33%)]	loss: 0.212146	accuracy: 95.733177	simmilarity: 0.000000
Train  Epoch: 3 [3328/5000 (66%)]	loss: 0.197073	accuracy: 95.823318	simmilarity: 0.000000
Train  Epoch: 3 [4992/5000 (99%)]	loss: 0.188312	accuracy: 95.933495	simmilarity: 0.000000
Train  Epoch: 3 [5000/5000 (100%)]	loss: 0.188234	accuracy: 95.826744	simmilarity: 0.000000

Train  Epoch: 4 [1664/5000 (33%)]	loss: 0.225582	accuracy: 95.913467	simmilarity: 0.000000
Train  Epoch: 4 [3328/5000 (66%)]	loss: 0.224288	accuracy: 96.213943	simmilarity: 0.000000
Train  Epoch: 4 [4992/5000 (99%)]	loss: 0.236636	accuracy: 96.213943	simmilarity: 0.000000
Train  Epoch: 4 [5000/5000 (100%)]	loss: 0.233640	accuracy: 96.261871	simmilarity: 0.000000

Train  Epoch: 5 [1664/5000 (33%)]	loss: 0.261030	accuracy: 96.875000	simmilarity: 0.000000
Train  Epoch: 5 [3328/5000 (66%)]	loss: 0.205148	accuracy: 96.814911	simmilarity: 0.000000
Train  Epoch: 5 [4992/5000 (99%)]	loss: 0.197775	accuracy: 96.975159	simmilarity: 0.000000
Train  Epoch: 5 [5000/5000 (100%)]	loss: 0.195277	accuracy: 97.013451	simmilarity: 0.000000

Task :  0
Test  Epoch: 5 [1024/5000 (20%)]	loss: 3.948214	accuracy: 67.500000	simmilarity: 0.000000
Task :  1
Test  Epoch: 5 [1024/5000 (20%)]	loss: 3.948526	accuracy: 67.734375	simmilarity: 0.000000
Task :  2
Test  Epoch: 5 [1024/5000 (20%)]	loss: 3.866754	accuracy: 75.566406	simmilarity: 0.000000
Task :  3
Test  Epoch: 5 [1024/5000 (20%)]	loss: 4.012761	accuracy: 61.074219	simmilarity: 0.000000

Train for :  4
Train  Epoch: 1 [1664/5000 (33%)]	loss: 2.302585	accuracy: 10.997597	simmilarity: 0.000000
Train  Epoch: 1 [3328/5000 (66%)]	loss: 2.302584	accuracy: 10.156250	simmilarity: 0.000000
Train  Epoch: 1 [4992/5000 (99%)]	loss: 1.921862	accuracy: 25.500801	simmilarity: 0.000000
Train  Epoch: 1 [5000/5000 (100%)]	loss: 1.900724	accuracy: 26.285603	simmilarity: 0.000000

Train  Epoch: 2 [1664/5000 (33%)]	loss: 0.116394	accuracy: 96.694717	simmilarity: 0.000000
Train  Epoch: 2 [3328/5000 (66%)]	loss: 0.117488	accuracy: 96.724762	simmilarity: 0.000000
Train  Epoch: 2 [4992/5000 (99%)]	loss: 0.120875	accuracy: 96.834938	simmilarity: 0.000000
Train  Epoch: 2 [5000/5000 (100%)]	loss: 0.119346	accuracy: 96.875000	simmilarity: 0.000000

Train  Epoch: 3 [1664/5000 (33%)]	loss: 0.172376	accuracy: 96.754814	simmilarity: 0.000000
Train  Epoch: 3 [3328/5000 (66%)]	loss: 0.167786	accuracy: 96.905052	simmilarity: 0.000000
Train  Epoch: 3 [4992/5000 (99%)]	loss: 0.146775	accuracy: 97.195511	simmilarity: 0.000000
Train  Epoch: 3 [5000/5000 (100%)]	loss: 0.146566	accuracy: 97.231018	simmilarity: 0.000000

Train  Epoch: 4 [1664/5000 (33%)]	loss: 0.142504	accuracy: 97.836540	simmilarity: 0.000000
Train  Epoch: 4 [3328/5000 (66%)]	loss: 0.121760	accuracy: 98.016830	simmilarity: 0.000000
Train  Epoch: 4 [4992/5000 (99%)]	loss: 0.124561	accuracy: 98.016830	simmilarity: 0.000000
Train  Epoch: 4 [5000/5000 (100%)]	loss: 0.122984	accuracy: 98.041931	simmilarity: 0.000000

Train  Epoch: 5 [1664/5000 (33%)]	loss: 0.110392	accuracy: 97.896637	simmilarity: 0.000000
Train  Epoch: 5 [3328/5000 (66%)]	loss: 0.123088	accuracy: 98.046875	simmilarity: 0.000000
Train  Epoch: 5 [4992/5000 (99%)]	loss: 0.138153	accuracy: 97.936699	simmilarity: 0.000000
Train  Epoch: 5 [5000/5000 (100%)]	loss: 0.136427	accuracy: 97.962822	simmilarity: 0.000000

Task :  0
Test  Epoch: 5 [1024/5000 (20%)]	loss: 3.979540	accuracy: 64.257812	simmilarity: 0.000000
Task :  1
Test  Epoch: 5 [1024/5000 (20%)]	loss: 3.982699	accuracy: 63.964844	simmilarity: 0.000000
Task :  2
Test  Epoch: 5 [1024/5000 (20%)]	loss: 3.868915	accuracy: 75.078125	simmilarity: 0.000000
Task :  3
Test  Epoch: 5 [1024/5000 (20%)]	loss: 3.879478	accuracy: 74.355469	simmilarity: 0.000000
Task :  4
Test  Epoch: 5 [1024/5000 (20%)]	loss: 3.896337	accuracy: 72.773438	simmilarity: 0.000000

Train for :  5
Train  Epoch: 1 [1664/5000 (33%)]	loss: 2.302585	accuracy: 9.555289	simmilarity: 0.000000
Train  Epoch: 1 [3328/5000 (66%)]	loss: 2.302584	accuracy: 9.765625	simmilarity: 0.000000
Train  Epoch: 1 [4992/5000 (99%)]	loss: 1.912457	accuracy: 25.360577	simmilarity: 0.000000
Train  Epoch: 1 [5000/5000 (100%)]	loss: 1.889007	accuracy: 26.305380	simmilarity: 0.000000

Train  Epoch: 2 [1664/5000 (33%)]	loss: 0.150292	accuracy: 96.093750	simmilarity: 0.000000
Train  Epoch: 2 [3328/5000 (66%)]	loss: 0.149366	accuracy: 95.853371	simmilarity: 0.000000
Train  Epoch: 2 [4992/5000 (99%)]	loss: 0.158686	accuracy: 95.713142	simmilarity: 0.000000
Train  Epoch: 2 [5000/5000 (100%)]	loss: 0.156701	accuracy: 95.767410	simmilarity: 0.000000

Train  Epoch: 3 [1664/5000 (33%)]	loss: 0.287276	accuracy: 95.072121	simmilarity: 0.000000
Train  Epoch: 3 [3328/5000 (66%)]	loss: 0.284721	accuracy: 94.921875	simmilarity: 0.000000
Train  Epoch: 3 [4992/5000 (99%)]	loss: 0.277285	accuracy: 94.951927	simmilarity: 0.000000
Train  Epoch: 3 [5000/5000 (100%)]	loss: 0.273775	accuracy: 95.015823	simmilarity: 0.000000

Train  Epoch: 4 [1664/5000 (33%)]	loss: 0.242195	accuracy: 95.552887	simmilarity: 0.000000
Train  Epoch: 4 [3328/5000 (66%)]	loss: 0.247278	accuracy: 95.853371	simmilarity: 0.000000
Train  Epoch: 4 [4992/5000 (99%)]	loss: 0.245471	accuracy: 96.093750	simmilarity: 0.000000
Train  Epoch: 4 [5000/5000 (100%)]	loss: 0.242364	accuracy: 96.143196	simmilarity: 0.000000

Train  Epoch: 5 [1664/5000 (33%)]	loss: 0.154859	accuracy: 97.656250	simmilarity: 0.000000
Train  Epoch: 5 [3328/5000 (66%)]	loss: 0.147054	accuracy: 97.566109	simmilarity: 0.000000
Train  Epoch: 5 [4992/5000 (99%)]	loss: 0.150505	accuracy: 97.796478	simmilarity: 0.000000
Train  Epoch: 5 [5000/5000 (100%)]	loss: 0.148600	accuracy: 97.824371	simmilarity: 0.000000

Task :  0
Test  Epoch: 5 [1024/5000 (20%)]	loss: 4.031893	accuracy: 59.062500	simmilarity: 0.000000
Task :  1
Test  Epoch: 5 [1024/5000 (20%)]	loss: 4.073858	accuracy: 54.843750	simmilarity: 0.000000
Task :  2
Test  Epoch: 5 [1024/5000 (20%)]	loss: 3.893430	accuracy: 72.539062	simmilarity: 0.000000
Task :  3
Test  Epoch: 5 [1024/5000 (20%)]	loss: 3.853398	accuracy: 76.933594	simmilarity: 0.000000
Task :  4
Test  Epoch: 5 [1024/5000 (20%)]	loss: 3.759390	accuracy: 86.582031	simmilarity: 0.000000
Task :  5
Test  Epoch: 5 [1024/5000 (20%)]	loss: 3.897827	accuracy: 72.558594	simmilarity: 0.000000

Train for :  6
Train  Epoch: 1 [1664/5000 (33%)]	loss: 2.302585	accuracy: 9.314904	simmilarity: 0.000000
Train  Epoch: 1 [3328/5000 (66%)]	loss: 2.302584	accuracy: 9.465144	simmilarity: 0.000000
Train  Epoch: 1 [4992/5000 (99%)]	loss: 1.921202	accuracy: 25.060097	simmilarity: 0.000000
Train  Epoch: 1 [5000/5000 (100%)]	loss: 1.904055	accuracy: 25.850475	simmilarity: 0.000000

Train  Epoch: 2 [1664/5000 (33%)]	loss: 0.124381	accuracy: 96.334137	simmilarity: 0.000000
Train  Epoch: 2 [3328/5000 (66%)]	loss: 0.129444	accuracy: 96.454330	simmilarity: 0.000000
Train  Epoch: 2 [4992/5000 (99%)]	loss: 0.136954	accuracy: 96.714745	simmilarity: 0.000000
Train  Epoch: 2 [5000/5000 (100%)]	loss: 0.135221	accuracy: 96.756332	simmilarity: 0.000000

Train  Epoch: 3 [1664/5000 (33%)]	loss: 0.248042	accuracy: 96.514427	simmilarity: 0.000000
Train  Epoch: 3 [3328/5000 (66%)]	loss: 0.216765	accuracy: 96.724762	simmilarity: 0.000000
Train  Epoch: 3 [4992/5000 (99%)]	loss: 0.197402	accuracy: 96.834938	simmilarity: 0.000000
Train  Epoch: 3 [5000/5000 (100%)]	loss: 0.194904	accuracy: 96.875000	simmilarity: 0.000000

Train  Epoch: 4 [1664/5000 (33%)]	loss: 0.267241	accuracy: 96.514427	simmilarity: 0.000000
Train  Epoch: 4 [3328/5000 (66%)]	loss: 0.232801	accuracy: 97.115387	simmilarity: 0.000000
Train  Epoch: 4 [4992/5000 (99%)]	loss: 0.219966	accuracy: 97.295677	simmilarity: 0.000000
Train  Epoch: 4 [5000/5000 (100%)]	loss: 0.217181	accuracy: 97.329910	simmilarity: 0.000000

Train  Epoch: 5 [1664/5000 (33%)]	loss: 0.247194	accuracy: 97.656250	simmilarity: 0.000000
Train  Epoch: 5 [3328/5000 (66%)]	loss: 0.210720	accuracy: 97.506012	simmilarity: 0.000000
Train  Epoch: 5 [4992/5000 (99%)]	loss: 0.191114	accuracy: 97.736382	simmilarity: 0.000000
Train  Epoch: 5 [5000/5000 (100%)]	loss: 0.203932	accuracy: 97.606804	simmilarity: 0.000000

Task :  0
Test  Epoch: 5 [1024/5000 (20%)]	loss: 4.130127	accuracy: 49.335938	simmilarity: 0.000000
Task :  1
Test  Epoch: 5 [1024/5000 (20%)]	loss: 4.102326	accuracy: 52.011719	simmilarity: 0.000000
Task :  2
Test  Epoch: 5 [1024/5000 (20%)]	loss: 3.927464	accuracy: 69.707031	simmilarity: 0.000000
Task :  3
Test  Epoch: 5 [1024/5000 (20%)]	loss: 3.869939	accuracy: 75.273438	simmilarity: 0.000000
Task :  4
Test  Epoch: 5 [1024/5000 (20%)]	loss: 3.752178	accuracy: 86.933594	simmilarity: 0.000000
Task :  5
Test  Epoch: 5 [1024/5000 (20%)]	loss: 3.763949	accuracy: 85.761719	simmilarity: 0.000000
Task :  6
Test  Epoch: 5 [1024/5000 (20%)]	loss: 3.891168	accuracy: 73.046875	simmilarity: 0.000000

Train for :  7
Train  Epoch: 1 [1664/5000 (33%)]	loss: 2.302585	accuracy: 10.937500	simmilarity: 0.000000
Train  Epoch: 1 [3328/5000 (66%)]	loss: 2.302584	accuracy: 9.915866	simmilarity: 0.000000
Train  Epoch: 1 [4992/5000 (99%)]	loss: 1.901150	accuracy: 26.001602	simmilarity: 0.000000
Train  Epoch: 1 [5000/5000 (100%)]	loss: 1.878322	accuracy: 26.938292	simmilarity: 0.000000

Train  Epoch: 2 [1664/5000 (33%)]	loss: 0.060280	accuracy: 98.377411	simmilarity: 0.000000
Train  Epoch: 2 [3328/5000 (66%)]	loss: 0.059280	accuracy: 98.197121	simmilarity: 0.000000
Train  Epoch: 2 [4992/5000 (99%)]	loss: 0.071242	accuracy: 97.996796	simmilarity: 0.000000
Train  Epoch: 2 [5000/5000 (100%)]	loss: 0.074319	accuracy: 97.863930	simmilarity: 0.000000

Train  Epoch: 3 [1664/5000 (33%)]	loss: 0.102819	accuracy: 98.257217	simmilarity: 0.000000
Train  Epoch: 3 [3328/5000 (66%)]	loss: 0.095142	accuracy: 98.257217	simmilarity: 0.000000
Train  Epoch: 3 [4992/5000 (99%)]	loss: 0.089904	accuracy: 98.297279	simmilarity: 0.000000
Train  Epoch: 3 [5000/5000 (100%)]	loss: 0.088766	accuracy: 98.318832	simmilarity: 0.000000

Train  Epoch: 4 [1664/5000 (33%)]	loss: 0.192197	accuracy: 97.475967	simmilarity: 0.000000
Train  Epoch: 4 [3328/5000 (66%)]	loss: 0.194573	accuracy: 97.415871	simmilarity: 0.000000
Train  Epoch: 4 [4992/5000 (99%)]	loss: 0.155589	accuracy: 97.756409	simmilarity: 0.000000
Train  Epoch: 4 [5000/5000 (100%)]	loss: 0.153620	accuracy: 97.784813	simmilarity: 0.000000

Train  Epoch: 5 [1664/5000 (33%)]	loss: 0.087454	accuracy: 98.497597	simmilarity: 0.000000
Train  Epoch: 5 [3328/5000 (66%)]	loss: 0.093836	accuracy: 98.497597	simmilarity: 0.000000
Train  Epoch: 5 [4992/5000 (99%)]	loss: 0.097069	accuracy: 98.617790	simmilarity: 0.000000
Train  Epoch: 5 [5000/5000 (100%)]	loss: 0.095840	accuracy: 98.635284	simmilarity: 0.000000

Task :  0
Test  Epoch: 5 [1024/5000 (20%)]	loss: 4.206981	accuracy: 41.503906	simmilarity: 0.000000
Task :  1
Test  Epoch: 5 [1024/5000 (20%)]	loss: 4.116836	accuracy: 50.449219	simmilarity: 0.000000
Task :  2
Test  Epoch: 5 [1024/5000 (20%)]	loss: 3.978426	accuracy: 64.609375	simmilarity: 0.000000
Task :  3
Test  Epoch: 5 [1024/5000 (20%)]	loss: 3.938995	accuracy: 67.597656	simmilarity: 0.000000
Task :  4
Test  Epoch: 5 [1024/5000 (20%)]	loss: 3.775189	accuracy: 84.824219	simmilarity: 0.000000
Task :  5
Test  Epoch: 5 [1024/5000 (20%)]	loss: 3.776650	accuracy: 84.667969	simmilarity: 0.000000
Task :  6
Test  Epoch: 5 [1024/5000 (20%)]	loss: 3.778853	accuracy: 84.394531	simmilarity: 0.000000
Task :  7
Test  Epoch: 5 [1024/5000 (20%)]	loss: 3.916653	accuracy: 70.253906	simmilarity: 0.000000

Train for :  8
Train  Epoch: 1 [1664/5000 (33%)]	loss: 2.302585	accuracy: 10.036058	simmilarity: 0.000000
Train  Epoch: 1 [3328/5000 (66%)]	loss: 2.302584	accuracy: 9.645433	simmilarity: 0.000000
Train  Epoch: 1 [4992/5000 (99%)]	loss: 1.908025	accuracy: 25.380610	simmilarity: 0.000000
Train  Epoch: 1 [5000/5000 (100%)]	loss: 1.888019	accuracy: 26.166931	simmilarity: 0.000000

Train  Epoch: 2 [1664/5000 (33%)]	loss: 0.146981	accuracy: 96.093750	simmilarity: 0.000000
Train  Epoch: 2 [3328/5000 (66%)]	loss: 0.131167	accuracy: 96.514427	simmilarity: 0.000000
Train  Epoch: 2 [4992/5000 (99%)]	loss: 0.161894	accuracy: 96.414261	simmilarity: 0.000000
Train  Epoch: 2 [5000/5000 (100%)]	loss: 0.160282	accuracy: 96.459656	simmilarity: 0.000000

Train  Epoch: 3 [1664/5000 (33%)]	loss: 0.292541	accuracy: 95.072121	simmilarity: 0.000000
Train  Epoch: 3 [3328/5000 (66%)]	loss: 0.339635	accuracy: 94.891830	simmilarity: 0.000000
Train  Epoch: 3 [4992/5000 (99%)]	loss: 0.321121	accuracy: 95.332535	simmilarity: 0.000000
Train  Epoch: 3 [5000/5000 (100%)]	loss: 0.333704	accuracy: 95.075157	simmilarity: 0.000000

Train  Epoch: 4 [1664/5000 (33%)]	loss: 0.477932	accuracy: 95.552887	simmilarity: 0.000000
Train  Epoch: 4 [3328/5000 (66%)]	loss: 0.397728	accuracy: 96.003609	simmilarity: 0.000000
Train  Epoch: 4 [4992/5000 (99%)]	loss: 0.430744	accuracy: 95.813301	simmilarity: 0.000000
Train  Epoch: 4 [5000/5000 (100%)]	loss: 0.425292	accuracy: 95.866302	simmilarity: 0.000000

Train  Epoch: 5 [1664/5000 (33%)]	loss: 0.347187	accuracy: 96.754814	simmilarity: 0.000000
Train  Epoch: 5 [3328/5000 (66%)]	loss: 0.289297	accuracy: 97.145439	simmilarity: 0.000000
Train  Epoch: 5 [4992/5000 (99%)]	loss: 0.279136	accuracy: 97.175484	simmilarity: 0.000000
Train  Epoch: 5 [5000/5000 (100%)]	loss: 0.275621	accuracy: 97.211235	simmilarity: 0.000000

Task :  0
Test  Epoch: 5 [1024/5000 (20%)]	loss: 4.257733	accuracy: 36.210938	simmilarity: 0.000000
Task :  1
Test  Epoch: 5 [1024/5000 (20%)]	loss: 4.155800	accuracy: 46.621094	simmilarity: 0.000000
Task :  2
Test  Epoch: 5 [1024/5000 (20%)]	loss: 4.058332	accuracy: 56.542969	simmilarity: 0.000000
Task :  3
Test  Epoch: 5 [1024/5000 (20%)]	loss: 4.002274	accuracy: 62.109375	simmilarity: 0.000000
Task :  4
Test  Epoch: 5 [1024/5000 (20%)]	loss: 3.803753	accuracy: 82.167969	simmilarity: 0.000000
Task :  5
Test  Epoch: 5 [1024/5000 (20%)]	loss: 3.826269	accuracy: 79.804688	simmilarity: 0.000000
Task :  6
Test  Epoch: 5 [1024/5000 (20%)]	loss: 3.761358	accuracy: 86.152344	simmilarity: 0.000000
Task :  7
Test  Epoch: 5 [1024/5000 (20%)]	loss: 3.740678	accuracy: 88.359375	simmilarity: 0.000000
Task :  8
Test  Epoch: 5 [1024/5000 (20%)]	loss: 3.897356	accuracy: 72.265625	simmilarity: 0.000000

Train for :  9
Train  Epoch: 1 [1664/5000 (33%)]	loss: 2.302585	accuracy: 9.615385	simmilarity: 0.000000
Train  Epoch: 1 [3328/5000 (66%)]	loss: 2.302584	accuracy: 10.096154	simmilarity: 0.000000
Train  Epoch: 1 [4992/5000 (99%)]	loss: 1.907107	accuracy: 25.580931	simmilarity: 0.000000
Train  Epoch: 1 [5000/5000 (100%)]	loss: 1.883102	accuracy: 26.522943	simmilarity: 0.000000

Train  Epoch: 2 [1664/5000 (33%)]	loss: 0.124691	accuracy: 97.055290	simmilarity: 0.000000
Train  Epoch: 2 [3328/5000 (66%)]	loss: 0.113597	accuracy: 97.115387	simmilarity: 0.000000
Train  Epoch: 2 [4992/5000 (99%)]	loss: 0.097409	accuracy: 97.576126	simmilarity: 0.000000
Train  Epoch: 2 [5000/5000 (100%)]	loss: 0.096352	accuracy: 97.606804	simmilarity: 0.000000

Train  Epoch: 3 [1664/5000 (33%)]	loss: 0.152603	accuracy: 97.716347	simmilarity: 0.000000
Train  Epoch: 3 [3328/5000 (66%)]	loss: 0.134755	accuracy: 97.836540	simmilarity: 0.000000
Train  Epoch: 3 [4992/5000 (99%)]	loss: 0.127957	accuracy: 97.896637	simmilarity: 0.000000
Train  Epoch: 3 [5000/5000 (100%)]	loss: 0.126345	accuracy: 97.923264	simmilarity: 0.000000

Train  Epoch: 4 [1664/5000 (33%)]	loss: 0.114722	accuracy: 98.137024	simmilarity: 0.000000
Train  Epoch: 4 [3328/5000 (66%)]	loss: 0.092842	accuracy: 98.497597	simmilarity: 0.000000
Train  Epoch: 4 [4992/5000 (99%)]	loss: 0.137655	accuracy: 98.137024	simmilarity: 0.000000
Train  Epoch: 4 [5000/5000 (100%)]	loss: 0.135913	accuracy: 98.160606	simmilarity: 0.000000

Train  Epoch: 5 [1664/5000 (33%)]	loss: 0.103803	accuracy: 98.377411	simmilarity: 0.000000
Train  Epoch: 5 [3328/5000 (66%)]	loss: 0.110421	accuracy: 98.407455	simmilarity: 0.000000
Train  Epoch: 5 [4992/5000 (99%)]	loss: 0.121738	accuracy: 98.437500	simmilarity: 0.000000
Train  Epoch: 5 [5000/5000 (100%)]	loss: 0.120199	accuracy: 98.457283	simmilarity: 0.000000

Task :  0
Test  Epoch: 5 [1024/5000 (20%)]	loss: 4.277507	accuracy: 34.453125	simmilarity: 0.000000
Task :  1
Test  Epoch: 5 [1024/5000 (20%)]	loss: 4.201315	accuracy: 42.500000	simmilarity: 0.000000
Task :  2
Test  Epoch: 5 [1024/5000 (20%)]	loss: 4.123655	accuracy: 49.882812	simmilarity: 0.000000
Task :  3
Test  Epoch: 5 [1024/5000 (20%)]	loss: 4.053135	accuracy: 57.207031	simmilarity: 0.000000
Task :  4
Test  Epoch: 5 [1024/5000 (20%)]	loss: 3.899359	accuracy: 72.324219	simmilarity: 0.000000
Task :  5
Test  Epoch: 5 [1024/5000 (20%)]	loss: 3.901653	accuracy: 71.894531	simmilarity: 0.000000
Task :  6
Test  Epoch: 5 [1024/5000 (20%)]	loss: 3.766721	accuracy: 85.703125	simmilarity: 0.000000
Task :  7
Test  Epoch: 5 [1024/5000 (20%)]	loss: 3.728760	accuracy: 89.238281	simmilarity: 0.000000
Task :  8
Test  Epoch: 5 [1024/5000 (20%)]	loss: 3.781342	accuracy: 83.984375	simmilarity: 0.000000
Task :  9
Test  Epoch: 5 [1024/5000 (20%)]	loss: 4.059956	accuracy: 56.152344	simmilarity: 0.000000

Done
Files already downloaded and verified
Files already downloaded and verified

Class per task :  [tensor([53, 37, 31, 38,  9, 95, 85, 69, 98, 25]), tensor([97,  0, 55, 58, 34, 90,  5, 21, 92, 93]), tensor([28, 12, 15, 82, 89, 27, 59, 67, 32,  6]), tensor([70, 29, 48, 84, 91,  2, 26, 79, 80, 65]), tensor([66, 71, 73, 75, 30, 22, 20, 87, 76, 99]), tensor([88, 77, 78, 56,  4, 14, 83, 51, 81,  1]), tensor([ 3, 18, 43, 94, 52, 45, 72, 36, 33, 96]), tensor([35, 23, 24, 49, 13, 17, 50,  8, 41, 60]), tensor([63, 19, 86,  7, 11, 57, 42, 46, 47, 64]), tensor([62, 54, 16, 39, 44, 74, 10, 40, 68, 61])]

Train for :  0
Train  Epoch: 1 [1664/5000 (32%)]	loss: 2.302585	accuracy: 10.156250	simmilarity: 0.000000
Train  Epoch: 1 [3328/5000 (65%)]	loss: 2.302585	accuracy: 9.795673	simmilarity: 0.000000
Train  Epoch: 1 [4992/5000 (98%)]	loss: 2.302584	accuracy: 9.975962	simmilarity: 0.000000
Train  Epoch: 1 [5000/5000 (100%)]	loss: 2.302584	accuracy: 10.351562	simmilarity: 0.000000

Train  Epoch: 2 [1664/5000 (32%)]	loss: 0.574269	accuracy: 87.740387	simmilarity: 0.000000
Train  Epoch: 2 [3328/5000 (65%)]	loss: 0.576501	accuracy: 87.740387	simmilarity: 0.000000
Train  Epoch: 2 [4992/5000 (98%)]	loss: 0.573634	accuracy: 87.900642	simmilarity: 0.000000
Train  Epoch: 2 [5000/5000 (100%)]	loss: 0.573564	accuracy: 87.890625	simmilarity: 0.000000

Train  Epoch: 3 [1664/5000 (32%)]	loss: 5.164784	accuracy: 61.778847	simmilarity: 0.000000
Train  Epoch: 3 [3328/5000 (65%)]	loss: 5.153882	accuracy: 62.229568	simmilarity: 0.000000
Train  Epoch: 3 [4992/5000 (98%)]	loss: 5.068698	accuracy: 63.020836	simmilarity: 0.000000
Train  Epoch: 3 [5000/5000 (100%)]	loss: 5.035215	accuracy: 62.695312	simmilarity: 0.000000

Train  Epoch: 4 [1664/5000 (32%)]	loss: 1.104791	accuracy: 85.576927	simmilarity: 0.000000
Train  Epoch: 4 [3328/5000 (65%)]	loss: 1.195439	accuracy: 84.465149	simmilarity: 0.000000
Train  Epoch: 4 [4992/5000 (98%)]	loss: 1.167160	accuracy: 84.775642	simmilarity: 0.000000
Train  Epoch: 4 [5000/5000 (100%)]	loss: 1.138732	accuracy: 85.156250	simmilarity: 0.000000

Train  Epoch: 5 [1664/5000 (32%)]	loss: 1.240537	accuracy: 88.942314	simmilarity: 0.000000
Train  Epoch: 5 [3328/5000 (65%)]	loss: 1.290903	accuracy: 88.671875	simmilarity: 0.000000
Train  Epoch: 5 [4992/5000 (98%)]	loss: 1.337813	accuracy: 88.401443	simmilarity: 0.000000
Train  Epoch: 5 [5000/5000 (100%)]	loss: 1.352183	accuracy: 88.378906	simmilarity: 0.000000

Task :  0
Test  Epoch: 5 [1024/5000 (20%)]	loss: 3.762585	accuracy: 86.110275	simmilarity: 0.000000

Train for :  1
Train  Epoch: 1 [1664/5000 (32%)]	loss: 2.302585	accuracy: 9.915866	simmilarity: 0.000000
Train  Epoch: 1 [3328/5000 (65%)]	loss: 2.302585	accuracy: 9.555289	simmilarity: 0.000000
Train  Epoch: 1 [4992/5000 (98%)]	loss: 2.302584	accuracy: 9.995994	simmilarity: 0.000000
Train  Epoch: 1 [5000/5000 (100%)]	loss: 2.302584	accuracy: 10.058594	simmilarity: 0.000000

Train  Epoch: 2 [1664/5000 (32%)]	loss: 0.222284	accuracy: 93.389427	simmilarity: 0.000000
Train  Epoch: 2 [3328/5000 (65%)]	loss: 0.214068	accuracy: 93.719955	simmilarity: 0.000000
Train  Epoch: 2 [4992/5000 (98%)]	loss: 0.209372	accuracy: 93.569710	simmilarity: 0.000000
Train  Epoch: 2 [5000/5000 (100%)]	loss: 0.205160	accuracy: 93.730469	simmilarity: 0.000000

Train  Epoch: 3 [1664/5000 (32%)]	loss: 0.311077	accuracy: 92.548080	simmilarity: 0.000000
Train  Epoch: 3 [3328/5000 (65%)]	loss: 0.312623	accuracy: 92.848564	simmilarity: 0.000000
Train  Epoch: 3 [4992/5000 (98%)]	loss: 0.289260	accuracy: 92.988785	simmilarity: 0.000000
Train  Epoch: 3 [5000/5000 (100%)]	loss: 0.282319	accuracy: 93.164062	simmilarity: 0.000000

Train  Epoch: 4 [1664/5000 (32%)]	loss: 0.327613	accuracy: 93.269234	simmilarity: 0.000000
Train  Epoch: 4 [3328/5000 (65%)]	loss: 0.372511	accuracy: 91.947121	simmilarity: 0.000000
Train  Epoch: 4 [4992/5000 (98%)]	loss: 0.356798	accuracy: 92.307693	simmilarity: 0.000000
Train  Epoch: 4 [5000/5000 (100%)]	loss: 0.347883	accuracy: 92.500000	simmilarity: 0.000000

Train  Epoch: 5 [1664/5000 (32%)]	loss: 0.169850	accuracy: 96.454330	simmilarity: 0.000000
Train  Epoch: 5 [3328/5000 (65%)]	loss: 0.167864	accuracy: 96.844955	simmilarity: 0.000000
Train  Epoch: 5 [4992/5000 (98%)]	loss: 0.166955	accuracy: 96.674683	simmilarity: 0.000000
Train  Epoch: 5 [5000/5000 (100%)]	loss: 0.179407	accuracy: 96.445312	simmilarity: 0.000000

Task :  0
Test  Epoch: 5 [1024/5000 (20%)]	loss: 3.864419	accuracy: 75.999100	simmilarity: 0.000000
Task :  1
Test  Epoch: 5 [1024/5000 (20%)]	loss: 4.305614	accuracy: 31.843449	simmilarity: 0.000000

Train for :  2
Train  Epoch: 1 [1664/5000 (32%)]	loss: 2.302585	accuracy: 10.096154	simmilarity: 0.000000
Train  Epoch: 1 [3328/5000 (65%)]	loss: 2.302585	accuracy: 9.855769	simmilarity: 0.000000
Train  Epoch: 1 [4992/5000 (98%)]	loss: 2.302584	accuracy: 10.016026	simmilarity: 0.000000
Train  Epoch: 1 [5000/5000 (100%)]	loss: 2.302584	accuracy: 9.765625	simmilarity: 0.000000

Train  Epoch: 2 [1664/5000 (32%)]	loss: 0.414070	accuracy: 86.478371	simmilarity: 0.000000
Train  Epoch: 2 [3328/5000 (65%)]	loss: 0.364897	accuracy: 88.070915	simmilarity: 0.000000
Train  Epoch: 2 [4992/5000 (98%)]	loss: 0.361648	accuracy: 88.100960	simmilarity: 0.000000
Train  Epoch: 2 [5000/5000 (100%)]	loss: 0.371578	accuracy: 87.773438	simmilarity: 0.000000

Train  Epoch: 3 [1664/5000 (32%)]	loss: 1.384477	accuracy: 75.060097	simmilarity: 0.000000
Train  Epoch: 3 [3328/5000 (65%)]	loss: 1.347129	accuracy: 76.292068	simmilarity: 0.000000
Train  Epoch: 3 [4992/5000 (98%)]	loss: 1.330500	accuracy: 76.682693	simmilarity: 0.000000
Train  Epoch: 3 [5000/5000 (100%)]	loss: 1.331462	accuracy: 76.640625	simmilarity: 0.000000

Train  Epoch: 4 [1664/5000 (32%)]	loss: 0.520781	accuracy: 88.701927	simmilarity: 0.000000
Train  Epoch: 4 [3328/5000 (65%)]	loss: 0.493177	accuracy: 89.122597	simmilarity: 0.000000
Train  Epoch: 4 [4992/5000 (98%)]	loss: 0.499215	accuracy: 89.262825	simmilarity: 0.000000
Train  Epoch: 4 [5000/5000 (100%)]	loss: 0.535864	accuracy: 88.593750	simmilarity: 0.000000

Train  Epoch: 5 [1664/5000 (32%)]	loss: 0.739258	accuracy: 89.483177	simmilarity: 0.000000
Train  Epoch: 5 [3328/5000 (65%)]	loss: 0.678381	accuracy: 89.723564	simmilarity: 0.000000
Train  Epoch: 5 [4992/5000 (98%)]	loss: 0.666578	accuracy: 90.004005	simmilarity: 0.000000
Train  Epoch: 5 [5000/5000 (100%)]	loss: 0.649913	accuracy: 90.253906	simmilarity: 0.000000

Task :  0
Test  Epoch: 5 [1024/5000 (20%)]	loss: 3.900991	accuracy: 72.032753	simmilarity: 0.000000
Task :  1
Test  Epoch: 5 [1024/5000 (20%)]	loss: 4.070301	accuracy: 55.476261	simmilarity: 0.000000
Task :  2
Test  Epoch: 5 [1024/5000 (20%)]	loss: 4.570145	accuracy: 4.679988	simmilarity: 0.000000

Train for :  3
Train  Epoch: 1 [1664/5000 (32%)]	loss: 2.302585	accuracy: 9.375000	simmilarity: 0.000000
Train  Epoch: 1 [3328/5000 (65%)]	loss: 2.302585	accuracy: 9.495193	simmilarity: 0.000000
Train  Epoch: 1 [4992/5000 (98%)]	loss: 2.302584	accuracy: 10.016026	simmilarity: 0.000000
Train  Epoch: 1 [5000/5000 (100%)]	loss: 2.302584	accuracy: 9.765625	simmilarity: 0.000000

Train  Epoch: 2 [1664/5000 (32%)]	loss: 0.284900	accuracy: 89.903847	simmilarity: 0.000000
Train  Epoch: 2 [3328/5000 (65%)]	loss: 0.266666	accuracy: 90.805290	simmilarity: 0.000000
Train  Epoch: 2 [4992/5000 (98%)]	loss: 0.277725	accuracy: 90.604973	simmilarity: 0.000000
Train  Epoch: 2 [5000/5000 (100%)]	loss: 0.277003	accuracy: 90.527344	simmilarity: 0.000000

Train  Epoch: 3 [1664/5000 (32%)]	loss: 0.485161	accuracy: 86.418274	simmilarity: 0.000000
Train  Epoch: 3 [3328/5000 (65%)]	loss: 0.485122	accuracy: 86.568512	simmilarity: 0.000000
Train  Epoch: 3 [4992/5000 (98%)]	loss: 0.459168	accuracy: 86.879005	simmilarity: 0.000000
Train  Epoch: 3 [5000/5000 (100%)]	loss: 0.448633	accuracy: 87.207031	simmilarity: 0.000000

Train  Epoch: 4 [1664/5000 (32%)]	loss: 0.538039	accuracy: 89.543274	simmilarity: 0.000000
Train  Epoch: 4 [3328/5000 (65%)]	loss: 0.526121	accuracy: 89.332939	simmilarity: 0.000000
Train  Epoch: 4 [4992/5000 (98%)]	loss: 0.526566	accuracy: 89.643433	simmilarity: 0.000000
Train  Epoch: 4 [5000/5000 (100%)]	loss: 0.513403	accuracy: 89.902344	simmilarity: 0.000000

Train  Epoch: 5 [1664/5000 (32%)]	loss: 0.331825	accuracy: 92.848564	simmilarity: 0.000000
Train  Epoch: 5 [3328/5000 (65%)]	loss: 0.377072	accuracy: 92.067314	simmilarity: 0.000000
Train  Epoch: 5 [4992/5000 (98%)]	loss: 0.370165	accuracy: 92.407852	simmilarity: 0.000000
Train  Epoch: 5 [5000/5000 (100%)]	loss: 0.361241	accuracy: 92.597656	simmilarity: 0.000000

Task :  0
Test  Epoch: 5 [1024/5000 (20%)]	loss: 3.913898	accuracy: 70.785759	simmilarity: 0.000000
Task :  1
Test  Epoch: 5 [1024/5000 (20%)]	loss: 3.951231	accuracy: 67.172478	simmilarity: 0.000000
Task :  2
Test  Epoch: 5 [1024/5000 (20%)]	loss: 4.403346	accuracy: 21.664663	simmilarity: 0.000000
Task :  3
Test  Epoch: 5 [1024/5000 (20%)]	loss: 4.513591	accuracy: 11.237981	simmilarity: 0.000000

Train for :  4
Train  Epoch: 1 [1664/5000 (32%)]	loss: 2.302585	accuracy: 10.216347	simmilarity: 0.000000
Train  Epoch: 1 [3328/5000 (65%)]	loss: 2.302585	accuracy: 10.096154	simmilarity: 0.000000
Train  Epoch: 1 [4992/5000 (98%)]	loss: 2.302584	accuracy: 9.995994	simmilarity: 0.000000
Train  Epoch: 1 [5000/5000 (100%)]	loss: 2.302584	accuracy: 10.058594	simmilarity: 0.000000

Train  Epoch: 2 [1664/5000 (32%)]	loss: 0.148488	accuracy: 95.552887	simmilarity: 0.000000
Train  Epoch: 2 [3328/5000 (65%)]	loss: 0.144012	accuracy: 95.673080	simmilarity: 0.000000
Train  Epoch: 2 [4992/5000 (98%)]	loss: 0.140818	accuracy: 95.813301	simmilarity: 0.000000
Train  Epoch: 2 [5000/5000 (100%)]	loss: 0.138721	accuracy: 95.917969	simmilarity: 0.000000

Train  Epoch: 3 [1664/5000 (32%)]	loss: 0.234011	accuracy: 93.930290	simmilarity: 0.000000
Train  Epoch: 3 [3328/5000 (65%)]	loss: 0.217511	accuracy: 94.230774	simmilarity: 0.000000
Train  Epoch: 3 [4992/5000 (98%)]	loss: 0.216247	accuracy: 94.370995	simmilarity: 0.000000
Train  Epoch: 3 [5000/5000 (100%)]	loss: 0.211327	accuracy: 94.511719	simmilarity: 0.000000

Train  Epoch: 4 [1664/5000 (32%)]	loss: 0.232792	accuracy: 94.711540	simmilarity: 0.000000
Train  Epoch: 4 [3328/5000 (65%)]	loss: 0.255654	accuracy: 94.320915	simmilarity: 0.000000
Train  Epoch: 4 [4992/5000 (98%)]	loss: 0.239990	accuracy: 94.451126	simmilarity: 0.000000
Train  Epoch: 4 [5000/5000 (100%)]	loss: 0.233997	accuracy: 94.589844	simmilarity: 0.000000

Train  Epoch: 5 [1664/5000 (32%)]	loss: 0.170751	accuracy: 96.213943	simmilarity: 0.000000
Train  Epoch: 5 [3328/5000 (65%)]	loss: 0.159691	accuracy: 96.424286	simmilarity: 0.000000
Train  Epoch: 5 [4992/5000 (98%)]	loss: 0.166805	accuracy: 96.394234	simmilarity: 0.000000
Train  Epoch: 5 [5000/5000 (100%)]	loss: 0.162635	accuracy: 96.484375	simmilarity: 0.000000

Task :  0
Test  Epoch: 5 [1024/5000 (20%)]	loss: 3.917264	accuracy: 69.906853	simmilarity: 0.000000
Task :  1
Test  Epoch: 5 [1024/5000 (20%)]	loss: 3.897697	accuracy: 72.438400	simmilarity: 0.000000
Task :  2
Test  Epoch: 5 [1024/5000 (20%)]	loss: 4.241525	accuracy: 38.281250	simmilarity: 0.000000
Task :  3
Test  Epoch: 5 [1024/5000 (20%)]	loss: 4.280594	accuracy: 34.149639	simmilarity: 0.000000
Task :  4
Test  Epoch: 5 [1024/5000 (20%)]	loss: 4.517932	accuracy: 10.336538	simmilarity: 0.000000

Train for :  5
Train  Epoch: 1 [1664/5000 (32%)]	loss: 2.302585	accuracy: 10.156250	simmilarity: 0.000000
Train  Epoch: 1 [3328/5000 (65%)]	loss: 2.302585	accuracy: 9.795673	simmilarity: 0.000000
Train  Epoch: 1 [4992/5000 (98%)]	loss: 2.302584	accuracy: 9.975962	simmilarity: 0.000000
Train  Epoch: 1 [5000/5000 (100%)]	loss: 2.302584	accuracy: 10.351562	simmilarity: 0.000000

Train  Epoch: 2 [1664/5000 (32%)]	loss: 0.133917	accuracy: 96.213943	simmilarity: 0.000000
Train  Epoch: 2 [3328/5000 (65%)]	loss: 0.148796	accuracy: 95.612984	simmilarity: 0.000000
Train  Epoch: 2 [4992/5000 (98%)]	loss: 0.145001	accuracy: 95.532852	simmilarity: 0.000000
Train  Epoch: 2 [5000/5000 (100%)]	loss: 0.141725	accuracy: 95.644531	simmilarity: 0.000000

Train  Epoch: 3 [1664/5000 (32%)]	loss: 0.191505	accuracy: 95.372597	simmilarity: 0.000000
Train  Epoch: 3 [3328/5000 (65%)]	loss: 0.190045	accuracy: 95.222359	simmilarity: 0.000000
Train  Epoch: 3 [4992/5000 (98%)]	loss: 0.188538	accuracy: 95.112183	simmilarity: 0.000000
Train  Epoch: 3 [5000/5000 (100%)]	loss: 0.183870	accuracy: 95.234375	simmilarity: 0.000000

Train  Epoch: 4 [1664/5000 (32%)]	loss: 0.113190	accuracy: 97.596161	simmilarity: 0.000000
Train  Epoch: 4 [3328/5000 (65%)]	loss: 0.141392	accuracy: 97.055290	simmilarity: 0.000000
Train  Epoch: 4 [4992/5000 (98%)]	loss: 0.135614	accuracy: 97.035255	simmilarity: 0.000000
Train  Epoch: 4 [5000/5000 (100%)]	loss: 0.132224	accuracy: 97.109375	simmilarity: 0.000000

Train  Epoch: 5 [1664/5000 (32%)]	loss: 0.148141	accuracy: 97.536064	simmilarity: 0.000000
Train  Epoch: 5 [3328/5000 (65%)]	loss: 0.139409	accuracy: 97.385818	simmilarity: 0.000000
Train  Epoch: 5 [4992/5000 (98%)]	loss: 0.138609	accuracy: 97.516029	simmilarity: 0.000000
Train  Epoch: 5 [5000/5000 (100%)]	loss: 0.135143	accuracy: 97.578125	simmilarity: 0.000000

Task :  0
Test  Epoch: 5 [1024/5000 (20%)]	loss: 3.918511	accuracy: 69.981972	simmilarity: 0.000000
Task :  1
Test  Epoch: 5 [1024/5000 (20%)]	loss: 3.873952	accuracy: 74.774643	simmilarity: 0.000000
Task :  2
Test  Epoch: 5 [1024/5000 (20%)]	loss: 4.159957	accuracy: 46.319111	simmilarity: 0.000000
Task :  3
Test  Epoch: 5 [1024/5000 (20%)]	loss: 4.153282	accuracy: 46.890022	simmilarity: 0.000000
Task :  4
Test  Epoch: 5 [1024/5000 (20%)]	loss: 4.263709	accuracy: 35.779747	simmilarity: 0.000000
Task :  5
Test  Epoch: 5 [1024/5000 (20%)]	loss: 4.535026	accuracy: 8.766526	simmilarity: 0.000000

Train for :  6
Train  Epoch: 1 [1664/5000 (32%)]	loss: 2.302585	accuracy: 10.036058	simmilarity: 0.000000
Train  Epoch: 1 [3328/5000 (65%)]	loss: 2.302585	accuracy: 10.276443	simmilarity: 0.000000
Train  Epoch: 1 [4992/5000 (98%)]	loss: 2.302584	accuracy: 9.995994	simmilarity: 0.000000
Train  Epoch: 1 [5000/5000 (100%)]	loss: 2.302584	accuracy: 10.058594	simmilarity: 0.000000

Train  Epoch: 2 [1664/5000 (32%)]	loss: 0.371897	accuracy: 86.358177	simmilarity: 0.000000
Train  Epoch: 2 [3328/5000 (65%)]	loss: 0.361430	accuracy: 86.899040	simmilarity: 0.000000
Train  Epoch: 2 [4992/5000 (98%)]	loss: 0.362613	accuracy: 86.858978	simmilarity: 0.000000
Train  Epoch: 2 [5000/5000 (100%)]	loss: 0.374400	accuracy: 86.562500	simmilarity: 0.000000

Train  Epoch: 3 [1664/5000 (32%)]	loss: 2.315093	accuracy: 70.072121	simmilarity: 0.000000
Train  Epoch: 3 [3328/5000 (65%)]	loss: 2.207915	accuracy: 71.213943	simmilarity: 0.000000
Train  Epoch: 3 [4992/5000 (98%)]	loss: 2.178120	accuracy: 71.714745	simmilarity: 0.000000
Train  Epoch: 3 [5000/5000 (100%)]	loss: 2.123667	accuracy: 72.421875	simmilarity: 0.000000

Train  Epoch: 4 [1664/5000 (32%)]	loss: 1.292071	accuracy: 83.774040	simmilarity: 0.000000
Train  Epoch: 4 [3328/5000 (65%)]	loss: 1.266817	accuracy: 84.074524	simmilarity: 0.000000
Train  Epoch: 4 [4992/5000 (98%)]	loss: 1.270871	accuracy: 84.174683	simmilarity: 0.000000
Train  Epoch: 4 [5000/5000 (100%)]	loss: 1.270533	accuracy: 84.257812	simmilarity: 0.000000

Train  Epoch: 5 [1664/5000 (32%)]	loss: 2.034505	accuracy: 83.954330	simmilarity: 0.000000
Train  Epoch: 5 [3328/5000 (65%)]	loss: 1.961542	accuracy: 84.134621	simmilarity: 0.000000
Train  Epoch: 5 [4992/5000 (98%)]	loss: 1.990896	accuracy: 83.994392	simmilarity: 0.000000
Train  Epoch: 5 [5000/5000 (100%)]	loss: 1.983700	accuracy: 84.082031	simmilarity: 0.000000

Task :  0
Test  Epoch: 5 [1024/5000 (20%)]	loss: 3.913377	accuracy: 71.003609	simmilarity: 0.000000
Task :  1
Test  Epoch: 5 [1024/5000 (20%)]	loss: 3.849700	accuracy: 76.900543	simmilarity: 0.000000
Task :  2
Test  Epoch: 5 [1024/5000 (20%)]	loss: 4.097000	accuracy: 52.944710	simmilarity: 0.000000
Task :  3
Test  Epoch: 5 [1024/5000 (20%)]	loss: 4.086075	accuracy: 53.763523	simmilarity: 0.000000
Task :  4
Test  Epoch: 5 [1024/5000 (20%)]	loss: 4.119919	accuracy: 50.030048	simmilarity: 0.000000
Task :  5
Test  Epoch: 5 [1024/5000 (20%)]	loss: 4.114322	accuracy: 50.923977	simmilarity: 0.000000
Task :  6
Test  Epoch: 5 [1024/5000 (20%)]	loss: 4.476035	accuracy: 14.693510	simmilarity: 0.000000

Train for :  7
Train  Epoch: 1 [1664/5000 (32%)]	loss: 2.302585	accuracy: 10.336539	simmilarity: 0.000000
Train  Epoch: 1 [3328/5000 (65%)]	loss: 2.302585	accuracy: 9.855769	simmilarity: 0.000000
Train  Epoch: 1 [4992/5000 (98%)]	loss: 2.302584	accuracy: 9.975962	simmilarity: 0.000000
Train  Epoch: 1 [5000/5000 (100%)]	loss: 2.302584	accuracy: 10.351562	simmilarity: 0.000000

Train  Epoch: 2 [1664/5000 (32%)]	loss: 0.179199	accuracy: 93.930290	simmilarity: 0.000000
Train  Epoch: 2 [3328/5000 (65%)]	loss: 0.171857	accuracy: 94.651443	simmilarity: 0.000000
Train  Epoch: 2 [4992/5000 (98%)]	loss: 0.172939	accuracy: 94.731575	simmilarity: 0.000000
Train  Epoch: 2 [5000/5000 (100%)]	loss: 0.169255	accuracy: 94.863281	simmilarity: 0.000000

Train  Epoch: 3 [1664/5000 (32%)]	loss: 0.329595	accuracy: 91.346161	simmilarity: 0.000000
Train  Epoch: 3 [3328/5000 (65%)]	loss: 0.309640	accuracy: 91.316109	simmilarity: 0.000000
Train  Epoch: 3 [4992/5000 (98%)]	loss: 0.307518	accuracy: 91.506409	simmilarity: 0.000000
Train  Epoch: 3 [5000/5000 (100%)]	loss: 0.341703	accuracy: 91.093750	simmilarity: 0.000000

Train  Epoch: 4 [1664/5000 (32%)]	loss: 0.612823	accuracy: 90.324524	simmilarity: 0.000000
Train  Epoch: 4 [3328/5000 (65%)]	loss: 0.655822	accuracy: 89.843750	simmilarity: 0.000000
Train  Epoch: 4 [4992/5000 (98%)]	loss: 0.637147	accuracy: 90.024040	simmilarity: 0.000000
Train  Epoch: 4 [5000/5000 (100%)]	loss: 0.622278	accuracy: 90.273438	simmilarity: 0.000000

Train  Epoch: 5 [1664/5000 (32%)]	loss: 0.473610	accuracy: 92.007217	simmilarity: 0.000000
Train  Epoch: 5 [3328/5000 (65%)]	loss: 0.456775	accuracy: 92.337746	simmilarity: 0.000000
Train  Epoch: 5 [4992/5000 (98%)]	loss: 0.449443	accuracy: 92.508011	simmilarity: 0.000000
Train  Epoch: 5 [5000/5000 (100%)]	loss: 0.473902	accuracy: 92.070312	simmilarity: 0.000000

Task :  0
Test  Epoch: 5 [1024/5000 (20%)]	loss: 3.909194	accuracy: 71.274040	simmilarity: 0.000000
Task :  1
Test  Epoch: 5 [1024/5000 (20%)]	loss: 3.856532	accuracy: 76.337143	simmilarity: 0.000000
Task :  2
Test  Epoch: 5 [1024/5000 (20%)]	loss: 4.050196	accuracy: 57.406853	simmilarity: 0.000000
Task :  3
Test  Epoch: 5 [1024/5000 (20%)]	loss: 4.057542	accuracy: 56.174881	simmilarity: 0.000000
Task :  4
Test  Epoch: 5 [1024/5000 (20%)]	loss: 4.031065	accuracy: 59.487679	simmilarity: 0.000000
Task :  5
Test  Epoch: 5 [1024/5000 (20%)]	loss: 3.914920	accuracy: 71.416763	simmilarity: 0.000000
Task :  6
Test  Epoch: 5 [1024/5000 (20%)]	loss: 4.274757	accuracy: 34.750603	simmilarity: 0.000000
Task :  7
Test  Epoch: 5 [1024/5000 (20%)]	loss: 4.461092	accuracy: 16.158354	simmilarity: 0.000000

Train for :  8
Train  Epoch: 1 [1664/5000 (32%)]	loss: 2.302585	accuracy: 9.975962	simmilarity: 0.000000
Train  Epoch: 1 [3328/5000 (65%)]	loss: 2.302585	accuracy: 10.036058	simmilarity: 0.000000
Train  Epoch: 1 [4992/5000 (98%)]	loss: 2.302584	accuracy: 10.016026	simmilarity: 0.000000
Train  Epoch: 1 [5000/5000 (100%)]	loss: 2.302584	accuracy: 9.765625	simmilarity: 0.000000

